#
# There is insufficient memory for the Java Runtime Environment to continue.
# Native memory allocation (malloc) failed to allocate 57216 bytes. Error detail: Chunk::new
# Possible reasons:
#   The system is out of physical RAM or swap space
#   This process is running with CompressedOops enabled, and the Java Heap may be blocking the growth of the native heap
# Possible solutions:
#   Reduce memory load on the system
#   Increase physical memory or swap space
#   Check if swap backing store is full
#   Decrease Java heap size (-Xmx/-Xms)
#   Decrease number of Java threads
#   Decrease Java thread stack sizes (-Xss)
#   Set larger code cache with -XX:ReservedCodeCacheSize=
#   JVM is running with Unscaled Compressed Oops mode in which the Java heap is
#     placed in the first 4GB address space. The Java Heap base address is the
#     maximum limit for the native heap growth. Please use -XX:HeapBaseMinAddress
#     to set the Java Heap base and to place the Java Heap above 4GB virtual address.
# This output file may be truncated or incomplete.
#
#  Out of Memory Error (arena.cpp:168), pid=12844, tid=1536
#
# JRE version: OpenJDK Runtime Environment Temurin-21.0.7+6 (21.0.7+6) (build 21.0.7+6-LTS)
# Java VM: OpenJDK 64-Bit Server VM Temurin-21.0.7+6 (21.0.7+6-LTS, mixed mode, sharing, tiered, compressed oops, compressed class ptrs, parallel gc, windows-amd64)
# No core dump will be written. Minidumps are not enabled by default on client versions of Windows
#

---------------  S U M M A R Y ------------

Command Line: --add-modules=ALL-SYSTEM --add-opens=java.base/java.util=ALL-UNNAMED --add-opens=java.base/java.lang=ALL-UNNAMED --add-opens=java.base/sun.nio.fs=ALL-UNNAMED -Declipse.application=org.eclipse.jdt.ls.core.id1 -Dosgi.bundles.defaultStartLevel=4 -Declipse.product=org.eclipse.jdt.ls.core.product -Djava.import.generatesMetadataFilesAtProjectRoot=false -DDetectVMInstallationsJob.disabled=true -Dfile.encoding=utf8 -XX:+UseParallelGC -XX:GCTimeRatio=4 -XX:AdaptiveSizePolicyWeight=90 -Dsun.zip.disableMemoryMapping=true -Xmx2G -Xms100m -Xlog:disable -javaagent:c:\Users\hisag\.vscode\extensions\redhat.java-1.43.0-win32-x64\lombok\lombok-1.18.39-4050.jar -XX:+HeapDumpOnOutOfMemoryError -XX:HeapDumpPath=c:\Users\hisag\AppData\Roaming\Code\User\workspaceStorage\249cc3694752c1fc636522816d6bf5b4\redhat.java -Daether.dependencyCollector.impl=bf c:\Users\hisag\.vscode\extensions\redhat.java-1.43.0-win32-x64\server\plugins\org.eclipse.equinox.launcher_1.7.0.v20250519-0528.jar -configuration c:\Users\hisag\AppData\Roaming\Code\User\globalStorage\redhat.java\1.43.0\config_win -data c:\Users\hisag\AppData\Roaming\Code\User\workspaceStorage\249cc3694752c1fc636522816d6bf5b4\redhat.java\jdt_ws --pipe=\\.\pipe\lsp-e3ef36224c1f3520fc40e3d3001ebc87-sock

Host: AMD Ryzen 5 4500U with Radeon Graphics         , 6 cores, 6G,  Windows 11 , 64 bit Build 26100 (10.0.26100.4484)
Time: Wed Jul  2 21:53:41 2025 SE Asia Standard Time elapsed time: 4.855354 seconds (0d 0h 0m 4s)

---------------  T H R E A D  ---------------

Current thread (0x0000018ecd6a0990):  JavaThread "C2 CompilerThread0" daemon [_thread_in_native, id=1536, stack(0x000000609d300000,0x000000609d400000) (1024K)]


Current CompileTask:
C2:4855 1893       4       java.io.ByteArrayOutputStream::ensureCapacity (32 bytes)

Stack: [0x000000609d300000,0x000000609d400000]
Native frames: (J=compiled Java code, j=interpreted, Vv=VM code, C=native code)
V  [jvm.dll+0x6ce119]
V  [jvm.dll+0x8a84a1]
V  [jvm.dll+0x8aa9ce]
V  [jvm.dll+0x8ab0b3]
V  [jvm.dll+0x27f8a6]
V  [jvm.dll+0xc507d]
V  [jvm.dll+0xc55b3]
V  [jvm.dll+0x3b692c]
V  [jvm.dll+0x382aa5]
V  [jvm.dll+0x381f0a]
V  [jvm.dll+0x247af0]
V  [jvm.dll+0x2470cf]
V  [jvm.dll+0x1c760e]
V  [jvm.dll+0x25695a]
V  [jvm.dll+0x254efa]
V  [jvm.dll+0x3f03f6]
V  [jvm.dll+0x851f6b]
V  [jvm.dll+0x6cc7dd]
C  [ucrtbase.dll+0x37b0]
C  [KERNEL32.DLL+0x2e8d7]
C  [ntdll.dll+0x3c34c]


---------------  P R O C E S S  ---------------

Threads class SMR info:
_java_thread_list=0x0000018f14616fd0, length=15, elements={
0x0000018eb4b3cd80, 0x0000018ecd697390, 0x0000018eb4ddcc30, 0x0000018ecd69d7b0,
0x0000018ecd69bd70, 0x0000018ecd69c400, 0x0000018ecd69eb60, 0x0000018ecd6a0990,
0x0000018ecd6d66f0, 0x0000018ecd69ca90, 0x0000018ecd69e4d0, 0x0000018ecd69b6e0,
0x0000018ecd69d120, 0x0000018f1451a530, 0x0000018f1451bf70
}

Java Threads: ( => current thread )
  0x0000018eb4b3cd80 JavaThread "main"                              [_thread_blocked, id=11484, stack(0x000000609c900000,0x000000609ca00000) (1024K)]
  0x0000018ecd697390 JavaThread "Reference Handler"          daemon [_thread_blocked, id=3540, stack(0x000000609cd00000,0x000000609ce00000) (1024K)]
  0x0000018eb4ddcc30 JavaThread "Finalizer"                  daemon [_thread_blocked, id=15524, stack(0x000000609ce00000,0x000000609cf00000) (1024K)]
  0x0000018ecd69d7b0 JavaThread "Signal Dispatcher"          daemon [_thread_blocked, id=18692, stack(0x000000609cf00000,0x000000609d000000) (1024K)]
  0x0000018ecd69bd70 JavaThread "Attach Listener"            daemon [_thread_blocked, id=16648, stack(0x000000609d000000,0x000000609d100000) (1024K)]
  0x0000018ecd69c400 JavaThread "Service Thread"             daemon [_thread_blocked, id=17116, stack(0x000000609d100000,0x000000609d200000) (1024K)]
  0x0000018ecd69eb60 JavaThread "Monitor Deflation Thread"   daemon [_thread_blocked, id=14288, stack(0x000000609d200000,0x000000609d300000) (1024K)]
=>0x0000018ecd6a0990 JavaThread "C2 CompilerThread0"         daemon [_thread_in_native, id=1536, stack(0x000000609d300000,0x000000609d400000) (1024K)]
  0x0000018ecd6d66f0 JavaThread "C1 CompilerThread0"         daemon [_thread_blocked, id=4980, stack(0x000000609d400000,0x000000609d500000) (1024K)]
  0x0000018ecd69ca90 JavaThread "Common-Cleaner"             daemon [_thread_blocked, id=3524, stack(0x000000609d500000,0x000000609d600000) (1024K)]
  0x0000018ecd69e4d0 JavaThread "Notification Thread"        daemon [_thread_blocked, id=13416, stack(0x000000609d600000,0x000000609d700000) (1024K)]
  0x0000018ecd69b6e0 JavaThread "Active Thread: Equinox Container: d25f6a20-526d-42ac-9b78-726305443f83"        [_thread_blocked, id=13504, stack(0x000000609dd00000,0x000000609de00000) (1024K)]
  0x0000018ecd69d120 JavaThread "Refresh Thread: Equinox Container: d25f6a20-526d-42ac-9b78-726305443f83" daemon [_thread_blocked, id=12912, stack(0x000000609d700000,0x000000609d800000) (1024K)]
  0x0000018f1451a530 JavaThread "Framework Event Dispatcher: Equinox Container: d25f6a20-526d-42ac-9b78-726305443f83" daemon [_thread_blocked, id=15804, stack(0x000000609de00000,0x000000609df00000) (1024K)]
  0x0000018f1451bf70 JavaThread "Start Level: Equinox Container: d25f6a20-526d-42ac-9b78-726305443f83" daemon [_thread_in_native, id=14144, stack(0x000000609df00000,0x000000609e000000) (1024K)]
Total: 15

Other Threads:
  0x0000018ecd6911f0 VMThread "VM Thread"                           [id=16772, stack(0x000000609cc00000,0x000000609cd00000) (1024K)]
  0x0000018ecd5cba00 WatcherThread "VM Periodic Task Thread"        [id=16776, stack(0x000000609cb00000,0x000000609cc00000) (1024K)]
  0x0000018eb4d41570 WorkerThread "GC Thread#0"                     [id=7564, stack(0x000000609ca00000,0x000000609cb00000) (1024K)]
  0x0000018f14149a60 WorkerThread "GC Thread#1"                     [id=12280, stack(0x000000609d800000,0x000000609d900000) (1024K)]
  0x0000018f14149e00 WorkerThread "GC Thread#2"                     [id=6876, stack(0x000000609d900000,0x000000609da00000) (1024K)]
  0x0000018f14416580 WorkerThread "GC Thread#3"                     [id=8672, stack(0x000000609da00000,0x000000609db00000) (1024K)]
  0x0000018f14610180 WorkerThread "GC Thread#4"                     [id=18512, stack(0x000000609db00000,0x000000609dc00000) (1024K)]
  0x0000018f14610520 WorkerThread "GC Thread#5"                     [id=2768, stack(0x000000609dc00000,0x000000609dd00000) (1024K)]
Total: 8

Threads with active compile tasks:
C2 CompilerThread0  4878 1893       4       java.io.ByteArrayOutputStream::ensureCapacity (32 bytes)
Total: 1

VM state: not at safepoint (normal execution)

VM Mutex/Monitor currently owned by a thread: None

Heap address: 0x0000000080000000, size: 2048 MB, Compressed Oops mode: 32-bit

CDS archive(s) mapped at: [0x0000018ece000000-0x0000018eceba0000-0x0000018eceba0000), size 12189696, SharedBaseAddress: 0x0000018ece000000, ArchiveRelocationMode: 1.
Compressed class space mapped at: 0x0000018ecf000000-0x0000018f0f000000, reserved size: 1073741824
Narrow klass base: 0x0000018ece000000, Narrow klass shift: 0, Narrow klass range: 0x100000000

GC Precious Log:
 CardTable entry size: 512
 CPUs: 6 total, 6 available
 Memory: 7030M
 Large Page Support: Disabled
 NUMA Support: Disabled
 Compressed Oops: Enabled (32-bit)
 Alignments: Space 512K, Generation 512K, Heap 2M
 Heap Min Capacity: 100M
 Heap Initial Capacity: 100M
 Heap Max Capacity: 2G
 Pre-touch: Disabled
 Parallel Workers: 6

Heap:
 PSYoungGen      total 29696K, used 9538K [0x00000000d5580000, 0x00000000d7680000, 0x0000000100000000)
  eden space 25600K, 21% used [0x00000000d5580000,0x00000000d5ad72c0,0x00000000d6e80000)
  from space 4096K, 99% used [0x00000000d7280000,0x00000000d76795f0,0x00000000d7680000)
  to   space 4096K, 0% used [0x00000000d6e80000,0x00000000d6e80000,0x00000000d7280000)
 ParOldGen       total 68608K, used 1705K [0x0000000080000000, 0x0000000084300000, 0x00000000d5580000)
  object space 68608K, 2% used [0x0000000080000000,0x00000000801aa6a8,0x0000000084300000)
 Metaspace       used 8656K, committed 8960K, reserved 1114112K
  class space    used 895K, committed 1024K, reserved 1048576K

Card table byte_map: [0x0000018ec8a30000,0x0000018ec8e40000] _byte_map_base: 0x0000018ec8630000

Marking Bits: (ParMarkBitMap*) 0x00007ffd6ba231f0
 Begin Bits: [0x0000018ec90f0000, 0x0000018ecb0f0000)
 End Bits:   [0x0000018ecb0f0000, 0x0000018ecd0f0000)

Polling page: 0x0000018eb4df0000

Metaspace:

Usage:
  Non-class:      7.58 MB used.
      Class:    895.31 KB used.
       Both:      8.45 MB used.

Virtual space:
  Non-class space:       64.00 MB reserved,       7.75 MB ( 12%) committed,  1 nodes.
      Class space:        1.00 GB reserved,       1.00 MB ( <1%) committed,  1 nodes.
             Both:        1.06 GB reserved,       8.75 MB ( <1%) committed. 

Chunk freelists:
   Non-Class:  8.30 MB
       Class:  14.85 MB
        Both:  23.14 MB

MaxMetaspaceSize: unlimited
CompressedClassSpaceSize: 1.00 GB
Initial GC threshold: 21.00 MB
Current GC threshold: 21.00 MB
CDS: on
 - commit_granule_bytes: 65536.
 - commit_granule_words: 8192.
 - virtual_space_node_default_size: 8388608.
 - enlarge_chunks_in_place: 1.
 - use_allocation_guard: 0.


Internal statistics:

num_allocs_failed_limit: 0.
num_arena_births: 238.
num_arena_deaths: 0.
num_vsnodes_births: 2.
num_vsnodes_deaths: 0.
num_space_committed: 140.
num_space_uncommitted: 0.
num_chunks_returned_to_freelist: 0.
num_chunks_taken_from_freelist: 459.
num_chunk_merges: 0.
num_chunk_splits: 294.
num_chunks_enlarged: 201.
num_inconsistent_stats: 0.

CodeHeap 'non-profiled nmethods': size=120000Kb used=813Kb max_used=813Kb free=119186Kb
 bounds [0x0000018ec1320000, 0x0000018ec1590000, 0x0000018ec8850000]
CodeHeap 'profiled nmethods': size=120000Kb used=3479Kb max_used=3479Kb free=116520Kb
 bounds [0x0000018eb9850000, 0x0000018eb9bc0000, 0x0000018ec0d80000]
CodeHeap 'non-nmethods': size=5760Kb used=1217Kb max_used=1243Kb free=4542Kb
 bounds [0x0000018ec0d80000, 0x0000018ec0ff0000, 0x0000018ec1320000]
 total_blobs=2384 nmethods=1900 adapters=391
 compilation: enabled
              stopped_count=0, restarted_count=0
 full_count=0

Compilation events (20 events):
Event: 3.278 Thread 0x0000018ecd6d66f0 1889       1       java.lang.invoke.MethodHandleNatives::isPullModeBSM (2 bytes)
Event: 3.278 Thread 0x0000018ecd6d66f0 nmethod 1889 0x0000018ec13eaf90 code [0x0000018ec13eb120, 0x0000018ec13eb1c8]
Event: 3.278 Thread 0x0000018ecd6d66f0 1890       3       java.lang.invoke.ConstantCallSite::getTarget (20 bytes)
Event: 3.278 Thread 0x0000018ecd6d66f0 nmethod 1890 0x0000018eb9badc10 code [0x0000018eb9baddc0, 0x0000018eb9badfe0]
Event: 3.281 Thread 0x0000018ecd6d66f0 1891       3       org.eclipse.osgi.internal.framework.EquinoxBundle::getState (101 bytes)
Event: 3.281 Thread 0x0000018ecd6d66f0 nmethod 1891 0x0000018eb9bae110 code [0x0000018eb9bae380, 0x0000018eb9baecf8]
Event: 3.281 Thread 0x0000018ecd6d66f0 1892   !   3       org.eclipse.osgi.internal.framework.EquinoxBundle::$SWITCH_TABLE$org$eclipse$osgi$container$Module$State (115 bytes)
Event: 3.282 Thread 0x0000018ecd6d66f0 nmethod 1892 0x0000018eb9baf090 code [0x0000018eb9baf280, 0x0000018eb9baf7d8]
Event: 3.286 Thread 0x0000018ecd6a0990 1893       4       java.io.ByteArrayOutputStream::ensureCapacity (32 bytes)
Event: 3.286 Thread 0x0000018ecd6d66f0 1895   !   3       java.io.BufferedInputStream::mark (62 bytes)
Event: 3.287 Thread 0x0000018ecd6d66f0 nmethod 1895 0x0000018eb9bafa10 code [0x0000018eb9bafca0, 0x0000018eb9bb0950]
Event: 3.287 Thread 0x0000018ecd6d66f0 1896       3       java.io.BufferedInputStream::implMark (14 bytes)
Event: 3.287 Thread 0x0000018ecd6d66f0 nmethod 1896 0x0000018eb9bb0d90 code [0x0000018eb9bb0f20, 0x0000018eb9bb1038]
Event: 3.287 Thread 0x0000018ecd6d66f0 1897       3       jdk.internal.misc.Unsafe::checkPrimitivePointer (19 bytes)
Event: 3.288 Thread 0x0000018ecd6d66f0 nmethod 1897 0x0000018eb9bb1110 code [0x0000018eb9bb1320, 0x0000018eb9bb1918]
Event: 3.288 Thread 0x0000018ecd6d66f0 1898       3       jdk.internal.misc.Unsafe::checkPointer (19 bytes)
Event: 3.288 Thread 0x0000018ecd6d66f0 nmethod 1898 0x0000018eb9bb1b90 code [0x0000018eb9bb1d60, 0x0000018eb9bb20e8]
Event: 4.853 Thread 0x0000018ecd6d66f0 1900       3       java.util.concurrent.Semaphore$NonfairSync::tryAcquireShared (6 bytes)
Event: 4.853 Thread 0x0000018ecd6d66f0 nmethod 1900 0x0000018eb9bb2290 code [0x0000018eb9bb2440, 0x0000018eb9bb2578]
Event: 4.853 Thread 0x0000018ecd6d66f0 1901       3       java.util.concurrent.Semaphore$Sync::nonfairTryAcquireShared (27 bytes)

GC Heap History (4 events):
Event: 1.046 GC heap before
{Heap before GC invocations=1 (full 0):
 PSYoungGen      total 29696K, used 25600K [0x00000000d5580000, 0x00000000d7680000, 0x0000000100000000)
  eden space 25600K, 100% used [0x00000000d5580000,0x00000000d6e80000,0x00000000d6e80000)
  from space 4096K, 0% used [0x00000000d7280000,0x00000000d7280000,0x00000000d7680000)
  to   space 4096K, 0% used [0x00000000d6e80000,0x00000000d6e80000,0x00000000d7280000)
 ParOldGen       total 68608K, used 0K [0x0000000080000000, 0x0000000084300000, 0x00000000d5580000)
  object space 68608K, 0% used [0x0000000080000000,0x0000000080000000,0x0000000084300000)
 Metaspace       used 4318K, committed 4608K, reserved 1114112K
  class space    used 458K, committed 576K, reserved 1048576K
}
Event: 1.053 GC heap after
{Heap after GC invocations=1 (full 0):
 PSYoungGen      total 29696K, used 3343K [0x00000000d5580000, 0x00000000d7680000, 0x0000000100000000)
  eden space 25600K, 0% used [0x00000000d5580000,0x00000000d5580000,0x00000000d6e80000)
  from space 4096K, 81% used [0x00000000d6e80000,0x00000000d71c3f18,0x00000000d7280000)
  to   space 4096K, 0% used [0x00000000d7280000,0x00000000d7280000,0x00000000d7680000)
 ParOldGen       total 68608K, used 16K [0x0000000080000000, 0x0000000084300000, 0x00000000d5580000)
  object space 68608K, 0% used [0x0000000080000000,0x0000000080004000,0x0000000084300000)
 Metaspace       used 4318K, committed 4608K, reserved 1114112K
  class space    used 458K, committed 576K, reserved 1048576K
}
Event: 2.666 GC heap before
{Heap before GC invocations=2 (full 0):
 PSYoungGen      total 29696K, used 28943K [0x00000000d5580000, 0x00000000d7680000, 0x0000000100000000)
  eden space 25600K, 100% used [0x00000000d5580000,0x00000000d6e80000,0x00000000d6e80000)
  from space 4096K, 81% used [0x00000000d6e80000,0x00000000d71c3f18,0x00000000d7280000)
  to   space 4096K, 0% used [0x00000000d7280000,0x00000000d7280000,0x00000000d7680000)
 ParOldGen       total 68608K, used 16K [0x0000000080000000, 0x0000000084300000, 0x00000000d5580000)
  object space 68608K, 0% used [0x0000000080000000,0x0000000080004000,0x0000000084300000)
 Metaspace       used 7967K, committed 8256K, reserved 1114112K
  class space    used 806K, committed 960K, reserved 1048576K
}
Event: 2.672 GC heap after
{Heap after GC invocations=2 (full 0):
 PSYoungGen      total 29696K, used 4069K [0x00000000d5580000, 0x00000000d7680000, 0x0000000100000000)
  eden space 25600K, 0% used [0x00000000d5580000,0x00000000d5580000,0x00000000d6e80000)
  from space 4096K, 99% used [0x00000000d7280000,0x00000000d76795f0,0x00000000d7680000)
  to   space 4096K, 0% used [0x00000000d6e80000,0x00000000d6e80000,0x00000000d7280000)
 ParOldGen       total 68608K, used 1705K [0x0000000080000000, 0x0000000084300000, 0x00000000d5580000)
  object space 68608K, 2% used [0x0000000080000000,0x00000000801aa6a8,0x0000000084300000)
 Metaspace       used 7967K, committed 8256K, reserved 1114112K
  class space    used 806K, committed 960K, reserved 1048576K
}

Dll operation events (9 events):
Event: 0.014 Loaded shared library c:\Users\hisag\.vscode\extensions\redhat.java-1.43.0-win32-x64\jre\21.0.7-win32-x86_64\bin\java.dll
Event: 0.178 Loaded shared library c:\Users\hisag\.vscode\extensions\redhat.java-1.43.0-win32-x64\jre\21.0.7-win32-x86_64\bin\zip.dll
Event: 0.198 Loaded shared library C:\Users\hisag\.vscode\extensions\redhat.java-1.43.0-win32-x64\jre\21.0.7-win32-x86_64\bin\instrument.dll
Event: 0.231 Loaded shared library C:\Users\hisag\.vscode\extensions\redhat.java-1.43.0-win32-x64\jre\21.0.7-win32-x86_64\bin\net.dll
Event: 0.236 Loaded shared library C:\Users\hisag\.vscode\extensions\redhat.java-1.43.0-win32-x64\jre\21.0.7-win32-x86_64\bin\nio.dll
Event: 0.248 Loaded shared library C:\Users\hisag\.vscode\extensions\redhat.java-1.43.0-win32-x64\jre\21.0.7-win32-x86_64\bin\zip.dll
Event: 0.271 Loaded shared library C:\Users\hisag\.vscode\extensions\redhat.java-1.43.0-win32-x64\jre\21.0.7-win32-x86_64\bin\jimage.dll
Event: 0.359 Loaded shared library c:\Users\hisag\.vscode\extensions\redhat.java-1.43.0-win32-x64\jre\21.0.7-win32-x86_64\bin\verify.dll
Event: 2.868 Loaded shared library C:\Users\hisag\AppData\Roaming\Code\User\globalStorage\redhat.java\1.43.0\config_win\org.eclipse.equinox.launcher\org.eclipse.equinox.launcher.win32.win32.x86_64_1.2.1300.v20250331-1702\eclipse_11911.dll

Deoptimization events (20 events):
Event: 3.198 Thread 0x0000018ecd69d120 Uncommon trap: trap_request=0xffffff45 fr.pc=0x0000018ec1353944 relative=0x00000000000002a4
Event: 3.198 Thread 0x0000018ecd69d120 Uncommon trap: reason=unstable_if action=reinterpret pc=0x0000018ec1353944 method=java.util.HashMap$HashIterator.<init>(Ljava/util/HashMap;)V @ 45 c2
Event: 3.198 Thread 0x0000018ecd69d120 DEOPT PACKING pc=0x0000018ec1353944 sp=0x000000609d7fead0
Event: 3.198 Thread 0x0000018ecd69d120 DEOPT UNPACKING pc=0x0000018ec0dd3aa2 sp=0x000000609d7fea68 mode 2
Event: 3.211 Thread 0x0000018ecd69d120 Uncommon trap: trap_request=0xffffffde fr.pc=0x0000018ec13cf960 relative=0x00000000000009e0
Event: 3.212 Thread 0x0000018ecd69d120 Uncommon trap: reason=class_check action=maybe_recompile pc=0x0000018ec13cf960 method=java.util.HashMap.putVal(ILjava/lang/Object;Ljava/lang/Object;ZZ)Ljava/lang/Object; @ 253 c2
Event: 3.212 Thread 0x0000018ecd69d120 DEOPT PACKING pc=0x0000018ec13cf960 sp=0x000000609d7fe5f0
Event: 3.212 Thread 0x0000018ecd69d120 DEOPT UNPACKING pc=0x0000018ec0dd3aa2 sp=0x000000609d7fe488 mode 2
Event: 3.252 Thread 0x0000018f1451bf70 Uncommon trap: trap_request=0xffffff6e fr.pc=0x0000018ec1392f28 relative=0x0000000000000368
Event: 3.252 Thread 0x0000018f1451bf70 Uncommon trap: reason=loop_limit_check action=maybe_recompile pc=0x0000018ec1392f28 method=java.lang.StringLatin1.indexOf([BI[BII)I @ 37 c2
Event: 3.252 Thread 0x0000018f1451bf70 DEOPT PACKING pc=0x0000018ec1392f28 sp=0x000000609dffd0a0
Event: 3.252 Thread 0x0000018f1451bf70 DEOPT UNPACKING pc=0x0000018ec0dd3aa2 sp=0x000000609dffd000 mode 2
Event: 3.285 Thread 0x0000018f1451bf70 Uncommon trap: trap_request=0xffffff45 fr.pc=0x0000018ec139f534 relative=0x0000000000000094
Event: 3.285 Thread 0x0000018f1451bf70 Uncommon trap: reason=unstable_if action=reinterpret pc=0x0000018ec139f534 method=java.io.BufferedInputStream.getBufIfOpen(Z)[B @ 13 c2
Event: 3.285 Thread 0x0000018f1451bf70 DEOPT PACKING pc=0x0000018ec139f534 sp=0x000000609dffdfd0
Event: 3.285 Thread 0x0000018f1451bf70 DEOPT UNPACKING pc=0x0000018ec0dd3aa2 sp=0x000000609dffdf50 mode 2
Event: 3.286 Thread 0x0000018f1451bf70 Uncommon trap: trap_request=0xffffff45 fr.pc=0x0000018ec13dc5e8 relative=0x0000000000000da8
Event: 3.286 Thread 0x0000018f1451bf70 Uncommon trap: reason=unstable_if action=reinterpret pc=0x0000018ec13dc5e8 method=java.lang.String.<init>(Ljava/nio/charset/Charset;[BII)V @ 6 c2
Event: 3.286 Thread 0x0000018f1451bf70 DEOPT PACKING pc=0x0000018ec13dc5e8 sp=0x000000609dffdf70
Event: 3.286 Thread 0x0000018f1451bf70 DEOPT UNPACKING pc=0x0000018ec0dd3aa2 sp=0x000000609dffdf20 mode 2

Classes loaded (20 events):
Event: 3.216 Loading class java/util/concurrent/ExecutionException
Event: 3.216 Loading class java/util/concurrent/ExecutionException done
Event: 3.216 Loading class java/util/concurrent/ConcurrentLinkedQueue
Event: 3.219 Loading class java/util/concurrent/ConcurrentLinkedQueue done
Event: 3.219 Loading class java/util/concurrent/ConcurrentLinkedQueue$Node
Event: 3.219 Loading class java/util/concurrent/ConcurrentLinkedQueue$Node done
Event: 3.230 Loading class java/util/concurrent/CountDownLatch
Event: 3.231 Loading class java/util/concurrent/CountDownLatch done
Event: 3.231 Loading class java/util/concurrent/CountDownLatch$Sync
Event: 3.231 Loading class java/util/concurrent/CountDownLatch$Sync done
Event: 3.261 Loading class jdk/internal/logger/LoggerFinderLoader
Event: 3.262 Loading class jdk/internal/logger/LoggerFinderLoader done
Event: 3.262 Loading class jdk/internal/logger/LoggerFinderLoader$TemporaryLoggerFinder
Event: 3.262 Loading class jdk/internal/logger/LoggerFinderLoader$TemporaryLoggerFinder done
Event: 3.263 Loading class sun/util/logging/internal/LoggingProviderImpl$JULWrapper
Event: 3.263 Loading class sun/util/logging/internal/LoggingProviderImpl$JULWrapper done
Event: 3.277 Loading class java/util/AbstractList$Itr
Event: 3.277 Loading class java/util/AbstractList$Itr done
Event: 3.284 Loading class java/util/MissingResourceException
Event: 3.284 Loading class java/util/MissingResourceException done

Classes unloaded (0 events):
No events

Classes redefined (0 events):
No events

Internal exceptions (20 events):
Event: 0.859 Thread 0x0000018eb4b3cd80 Exception <a 'java/lang/NoSuchMethodError'{0x00000000d65f8fa8}: 'java.lang.Object java.lang.invoke.DirectMethodHandle$Holder.invokeInterface(java.lang.Object, java.lang.Object, int)'> (0x00000000d65f8fa8) 
thrown [s\src\hotspot\share\interpreter\linkResolver.cpp, line 773]
Event: 0.971 Thread 0x0000018eb4b3cd80 Exception <a 'java/lang/NoSuchMethodError'{0x00000000d6a717e0}: 'java.lang.ClassLoader java.lang.ClassLoader.getPlatformClassLoader(java.lang.Class)'> (0x00000000d6a717e0) 
thrown [s\src\hotspot\share\interpreter\linkResolver.cpp, line 773]
Event: 1.055 Thread 0x0000018eb4b3cd80 Exception <a 'java/lang/ClassNotFoundException'{0x00000000d558a138}: sun/net/www/protocol/c/Handler> (0x00000000d558a138) 
thrown [s\src\hotspot\share\classfile\systemDictionary.cpp, line 312]
Event: 1.055 Thread 0x0000018eb4b3cd80 Exception <a 'java/lang/ClassNotFoundException'{0x00000000d558b4c8}: sun/net/www/protocol/e/Handler> (0x00000000d558b4c8) 
thrown [s\src\hotspot\share\classfile\systemDictionary.cpp, line 312]
Event: 1.055 Thread 0x0000018eb4b3cd80 Exception <a 'java/lang/ClassNotFoundException'{0x00000000d558c690}: sun/net/www/protocol/c/Handler> (0x00000000d558c690) 
thrown [s\src\hotspot\share\classfile\systemDictionary.cpp, line 312]
Event: 1.069 Thread 0x0000018eb4b3cd80 Exception <a 'java/io/FileNotFoundException'{0x00000000d55b4df8}> (0x00000000d55b4df8) 
thrown [s\src\hotspot\share\prims\jni.cpp, line 520]
Event: 1.116 Thread 0x0000018eb4b3cd80 Implicit null exception at 0x0000018ec137dfc9 to 0x0000018ec137e938
Event: 1.116 Thread 0x0000018eb4b3cd80 Implicit null exception at 0x0000018ec138989a to 0x0000018ec1389aa4
Event: 1.116 Thread 0x0000018eb4b3cd80 Exception <a 'java/lang/NoSuchMethodError'{0x00000000d57a1b70}: 'void java.lang.invoke.DirectMethodHandle$Holder.invokeStatic(java.lang.Object, java.lang.Object, java.lang.Object, java.lang.Object)'> (0x00000000d57a1b70) 
thrown [s\src\hotspot\share\interpreter\linkResolver.cpp, line 773]
Event: 1.118 Thread 0x0000018eb4b3cd80 Implicit null exception at 0x0000018ec137f73c to 0x0000018ec137f9d8
Event: 1.118 Thread 0x0000018eb4b3cd80 Implicit null exception at 0x0000018ec138033d to 0x0000018ec13803c1
Event: 1.543 Thread 0x0000018eb4b3cd80 Exception <a 'java/lang/NoSuchMethodError'{0x00000000d5a3a278}: 'void java.lang.invoke.DirectMethodHandle$Holder.invokeSpecial(java.lang.Object, java.lang.Object, java.lang.Object)'> (0x00000000d5a3a278) 
thrown [s\src\hotspot\share\interpreter\linkResolver.cpp, line 773]
Event: 1.902 Thread 0x0000018eb4b3cd80 Exception <a 'java/lang/NoSuchMethodError'{0x00000000d643f140}: 'int java.lang.invoke.DirectMethodHandle$Holder.invokeVirtual(java.lang.Object, java.lang.Object)'> (0x00000000d643f140) 
thrown [s\src\hotspot\share\interpreter\linkResolver.cpp, line 773]
Event: 1.985 Thread 0x0000018eb4b3cd80 Exception <a 'java/lang/NoSuchMethodError'{0x00000000d65c5218}: 'int java.lang.invoke.DirectMethodHandle$Holder.invokeStaticInit(java.lang.Object, java.lang.Object, java.lang.Object, java.lang.Object)'> (0x00000000d65c5218) 
thrown [s\src\hotspot\share\interpreter\linkResolver.cpp, line 773]
Event: 1.987 Thread 0x0000018eb4b3cd80 Exception <a 'java/lang/IncompatibleClassChangeError'{0x00000000d65cd6a0}: Found class java.lang.Object, but interface was expected> (0x00000000d65cd6a0) 
thrown [s\src\hotspot\share\interpreter\linkResolver.cpp, line 840]
Event: 1.988 Thread 0x0000018eb4b3cd80 Exception <a 'java/lang/NoSuchMethodError'{0x00000000d65d45d0}: 'void java.lang.invoke.DirectMethodHandle$Holder.invokeStaticInit(java.lang.Object, java.lang.Object)'> (0x00000000d65d45d0) 
thrown [s\src\hotspot\share\interpreter\linkResolver.cpp, line 773]
Event: 1.989 Thread 0x0000018eb4b3cd80 Exception <a 'java/lang/NoSuchMethodError'{0x00000000d65de108}: 'int java.lang.invoke.DirectMethodHandle$Holder.invokeStaticInit(java.lang.Object, java.lang.Object)'> (0x00000000d65de108) 
thrown [s\src\hotspot\share\interpreter\linkResolver.cpp, line 773]
Event: 2.112 Thread 0x0000018eb4b3cd80 Exception <a 'java/lang/NoSuchMethodError'{0x00000000d6841378}: 'java.lang.Object java.lang.invoke.DirectMethodHandle$Holder.newInvokeSpecial(java.lang.Object, int, java.lang.Object)'> (0x00000000d6841378) 
thrown [s\src\hotspot\share\interpreter\linkResolver.cpp, line 773]
Event: 2.267 Thread 0x0000018eb4b3cd80 Exception <a 'java/lang/ClassNotFoundException'{0x00000000d6a506b0}: sun/net/www/protocol/plurl/Handler> (0x00000000d6a506b0) 
thrown [s\src\hotspot\share\classfile\systemDictionary.cpp, line 312]
Event: 2.855 Thread 0x0000018eb4b3cd80 Exception <a 'java/lang/UnsatisfiedLinkError'{0x00000000d55e16b8}: 'void org.eclipse.equinox.launcher.JNIBridge._update_splash()'> (0x00000000d55e16b8) 
thrown [s\src\hotspot\share\prims\nativeLookup.cpp, line 415]

ZGC Phase Switch (0 events):
No events

VM Operations (20 events):
Event: 1.025 Executing VM operation: HandshakeAllThreads (Deoptimize)
Event: 1.025 Executing VM operation: HandshakeAllThreads (Deoptimize) done
Event: 1.032 Executing VM operation: ICBufferFull
Event: 1.032 Executing VM operation: ICBufferFull done
Event: 1.046 Executing VM operation: ParallelGCFailedAllocation (Allocation Failure)
Event: 1.053 Executing VM operation: ParallelGCFailedAllocation (Allocation Failure) done
Event: 2.024 Executing VM operation: HandshakeAllThreads (Deoptimize)
Event: 2.024 Executing VM operation: HandshakeAllThreads (Deoptimize) done
Event: 2.036 Executing VM operation: HandshakeAllThreads (Deoptimize)
Event: 2.036 Executing VM operation: HandshakeAllThreads (Deoptimize) done
Event: 2.252 Executing VM operation: HandshakeAllThreads (Deoptimize)
Event: 2.252 Executing VM operation: HandshakeAllThreads (Deoptimize) done
Event: 2.252 Executing VM operation: Cleanup
Event: 2.252 Executing VM operation: Cleanup done
Event: 2.264 Executing VM operation: HandshakeAllThreads (Deoptimize)
Event: 2.264 Executing VM operation: HandshakeAllThreads (Deoptimize) done
Event: 2.666 Executing VM operation: ParallelGCFailedAllocation (Allocation Failure)
Event: 2.672 Executing VM operation: ParallelGCFailedAllocation (Allocation Failure) done
Event: 3.682 Executing VM operation: Cleanup
Event: 3.682 Executing VM operation: Cleanup done

Memory protections (0 events):
No events

Nmethod flushes (0 events):
No events

Events (19 events):
Event: 0.030 Thread 0x0000018eb4b3cd80 Thread added: 0x0000018eb4b3cd80
Event: 0.055 Thread 0x0000018eb4b3cd80 Thread added: 0x0000018ecd697390
Event: 0.059 Thread 0x0000018eb4b3cd80 Thread added: 0x0000018eb4ddcc30
Event: 0.060 Thread 0x0000018eb4b3cd80 Thread added: 0x0000018ecd69d7b0
Event: 0.060 Thread 0x0000018eb4b3cd80 Thread added: 0x0000018ecd69bd70
Event: 0.060 Thread 0x0000018eb4b3cd80 Thread added: 0x0000018ecd69c400
Event: 0.060 Thread 0x0000018eb4b3cd80 Thread added: 0x0000018ecd69eb60
Event: 0.061 Thread 0x0000018eb4b3cd80 Thread added: 0x0000018ecd6a0990
Event: 0.063 Thread 0x0000018eb4b3cd80 Thread added: 0x0000018ecd6d66f0
Event: 0.113 Thread 0x0000018eb4b3cd80 Thread added: 0x0000018ecd69ca90
Event: 0.493 Thread 0x0000018eb4b3cd80 Thread added: 0x0000018ecd69e4d0
Event: 0.597 Thread 0x0000018ecd6d66f0 Thread added: 0x0000018f0fe8dbd0
Event: 1.227 Thread 0x0000018f0fe8dbd0 Thread exited: 0x0000018f0fe8dbd0
Event: 1.703 Thread 0x0000018ecd6d66f0 Thread added: 0x0000018f1442adf0
Event: 2.005 Thread 0x0000018eb4b3cd80 Thread added: 0x0000018ecd69b6e0
Event: 2.225 Thread 0x0000018f1442adf0 Thread exited: 0x0000018f1442adf0
Event: 2.800 Thread 0x0000018eb4b3cd80 Thread added: 0x0000018ecd69d120
Event: 3.224 Thread 0x0000018ecd69d120 Thread added: 0x0000018f1451a530
Event: 3.229 Thread 0x0000018eb4b3cd80 Thread added: 0x0000018f1451bf70


Dynamic libraries:
0x00007ff6eafb0000 - 0x00007ff6eafbe000 	c:\Users\hisag\.vscode\extensions\redhat.java-1.43.0-win32-x64\jre\21.0.7-win32-x86_64\bin\java.exe
0x00007ffdeb1a0000 - 0x00007ffdeb408000 	C:\WINDOWS\SYSTEM32\ntdll.dll
0x00007ffde9500000 - 0x00007ffde95c9000 	C:\WINDOWS\System32\KERNEL32.DLL
0x00007ffde8940000 - 0x00007ffde8d2d000 	C:\WINDOWS\System32\KERNELBASE.dll
0x00007ffde86b0000 - 0x00007ffde87fb000 	C:\WINDOWS\System32\ucrtbase.dll
0x00007ffdd6ae0000 - 0x00007ffdd6af8000 	c:\Users\hisag\.vscode\extensions\redhat.java-1.43.0-win32-x64\jre\21.0.7-win32-x86_64\bin\jli.dll
0x00007ffde9bb0000 - 0x00007ffde9d7c000 	C:\WINDOWS\System32\USER32.dll
0x00007ffde8500000 - 0x00007ffde8527000 	C:\WINDOWS\System32\win32u.dll
0x00007ffde97f0000 - 0x00007ffde981b000 	C:\WINDOWS\System32\GDI32.dll
0x00007ffde8800000 - 0x00007ffde8937000 	C:\WINDOWS\System32\gdi32full.dll
0x00007ffde8d30000 - 0x00007ffde8dd3000 	C:\WINDOWS\System32\msvcp_win.dll
0x00007ffdd6350000 - 0x00007ffdd636e000 	c:\Users\hisag\.vscode\extensions\redhat.java-1.43.0-win32-x64\jre\21.0.7-win32-x86_64\bin\VCRUNTIME140.dll
0x00007ffddcd10000 - 0x00007ffddcfaa000 	C:\WINDOWS\WinSxS\amd64_microsoft.windows.common-controls_6595b64144ccf1df_6.0.26100.4484_none_3e0e6d4ce32ef3b3\COMCTL32.dll
0x00007ffdea5f0000 - 0x00007ffdea699000 	C:\WINDOWS\System32\msvcrt.dll
0x00007ffde8f70000 - 0x00007ffde8f9f000 	C:\WINDOWS\System32\IMM32.DLL
0x00007ffdd9df0000 - 0x00007ffdd9dfc000 	c:\Users\hisag\.vscode\extensions\redhat.java-1.43.0-win32-x64\jre\21.0.7-win32-x86_64\bin\vcruntime140_1.dll
0x00007ffd9bbc0000 - 0x00007ffd9bc4d000 	c:\Users\hisag\.vscode\extensions\redhat.java-1.43.0-win32-x64\jre\21.0.7-win32-x86_64\bin\msvcp140.dll
0x00007ffd6ad70000 - 0x00007ffd6bb00000 	c:\Users\hisag\.vscode\extensions\redhat.java-1.43.0-win32-x64\jre\21.0.7-win32-x86_64\bin\server\jvm.dll
0x00007ffdeae30000 - 0x00007ffdeaee4000 	C:\WINDOWS\System32\ADVAPI32.dll
0x00007ffdea850000 - 0x00007ffdea8f6000 	C:\WINDOWS\System32\sechost.dll
0x00007ffde9680000 - 0x00007ffde9798000 	C:\WINDOWS\System32\RPCRT4.dll
0x00007ffdeadb0000 - 0x00007ffdeae24000 	C:\WINDOWS\System32\WS2_32.dll
0x00007ffde8140000 - 0x00007ffde819e000 	C:\WINDOWS\SYSTEM32\POWRPROF.dll
0x00007ffddcfb0000 - 0x00007ffddcfe5000 	C:\WINDOWS\SYSTEM32\WINMM.dll
0x00007ffddf7d0000 - 0x00007ffddf7db000 	C:\WINDOWS\SYSTEM32\VERSION.dll
0x00007ffde8120000 - 0x00007ffde8134000 	C:\WINDOWS\SYSTEM32\UMPDC.dll
0x00007ffde7000000 - 0x00007ffde701b000 	C:\WINDOWS\SYSTEM32\kernel.appcore.dll
0x00007ffdd9be0000 - 0x00007ffdd9bea000 	c:\Users\hisag\.vscode\extensions\redhat.java-1.43.0-win32-x64\jre\21.0.7-win32-x86_64\bin\jimage.dll
0x00007ffde5cb0000 - 0x00007ffde5ef1000 	C:\WINDOWS\SYSTEM32\DBGHELP.DLL
0x00007ffde9820000 - 0x00007ffde9ba6000 	C:\WINDOWS\System32\combase.dll
0x00007ffde91b0000 - 0x00007ffde9290000 	C:\WINDOWS\System32\OLEAUT32.dll
0x00007ffdc5f40000 - 0x00007ffdc5f83000 	C:\WINDOWS\SYSTEM32\dbgcore.DLL
0x00007ffde8ea0000 - 0x00007ffde8f39000 	C:\WINDOWS\System32\bcryptPrimitives.dll
0x00007ffddbfb0000 - 0x00007ffddbfbf000 	c:\Users\hisag\.vscode\extensions\redhat.java-1.43.0-win32-x64\jre\21.0.7-win32-x86_64\bin\instrument.dll
0x00007ffdcc160000 - 0x00007ffdcc17f000 	c:\Users\hisag\.vscode\extensions\redhat.java-1.43.0-win32-x64\jre\21.0.7-win32-x86_64\bin\java.dll
0x00007ffde9d80000 - 0x00007ffdea4ca000 	C:\WINDOWS\System32\SHELL32.dll
0x00007ffde8380000 - 0x00007ffde84f4000 	C:\WINDOWS\System32\wintypes.dll
0x00007ffde5f30000 - 0x00007ffde678b000 	C:\WINDOWS\SYSTEM32\windows.storage.dll
0x00007ffdeb060000 - 0x00007ffdeb155000 	C:\WINDOWS\System32\SHCORE.dll
0x00007ffde90b0000 - 0x00007ffde911a000 	C:\WINDOWS\System32\shlwapi.dll
0x00007ffde8200000 - 0x00007ffde822f000 	C:\WINDOWS\SYSTEM32\profapi.dll
0x00007ffdcc0d0000 - 0x00007ffdcc0e8000 	c:\Users\hisag\.vscode\extensions\redhat.java-1.43.0-win32-x64\jre\21.0.7-win32-x86_64\bin\zip.dll
0x00007ffdd8fc0000 - 0x00007ffdd8fd0000 	C:\Users\hisag\.vscode\extensions\redhat.java-1.43.0-win32-x64\jre\21.0.7-win32-x86_64\bin\net.dll
0x00007ffde16a0000 - 0x00007ffde17be000 	C:\WINDOWS\SYSTEM32\WINHTTP.dll
0x00007ffde7620000 - 0x00007ffde768a000 	C:\WINDOWS\system32\mswsock.dll
0x00007ffdcba30000 - 0x00007ffdcba46000 	C:\Users\hisag\.vscode\extensions\redhat.java-1.43.0-win32-x64\jre\21.0.7-win32-x86_64\bin\nio.dll
0x00007ffdda1a0000 - 0x00007ffdda1b0000 	c:\Users\hisag\.vscode\extensions\redhat.java-1.43.0-win32-x64\jre\21.0.7-win32-x86_64\bin\verify.dll
0x00007ffdcbda0000 - 0x00007ffdcbde5000 	C:\Users\hisag\AppData\Roaming\Code\User\globalStorage\redhat.java\1.43.0\config_win\org.eclipse.equinox.launcher\org.eclipse.equinox.launcher.win32.win32.x86_64_1.2.1300.v20250331-1702\eclipse_11911.dll
0x00007ffdea6a0000 - 0x00007ffdea83e000 	C:\WINDOWS\System32\ole32.dll

dbghelp: loaded successfully - version: 4.0.5 - missing functions: none
symbol engine: initialized successfully - sym options: 0x614 - pdb path: .;c:\Users\hisag\.vscode\extensions\redhat.java-1.43.0-win32-x64\jre\21.0.7-win32-x86_64\bin;C:\WINDOWS\SYSTEM32;C:\WINDOWS\WinSxS\amd64_microsoft.windows.common-controls_6595b64144ccf1df_6.0.26100.4484_none_3e0e6d4ce32ef3b3;c:\Users\hisag\.vscode\extensions\redhat.java-1.43.0-win32-x64\jre\21.0.7-win32-x86_64\bin\server;C:\Users\hisag\AppData\Roaming\Code\User\globalStorage\redhat.java\1.43.0\config_win\org.eclipse.equinox.launcher\org.eclipse.equinox.launcher.win32.win32.x86_64_1.2.1300.v20250331-1702

VM Arguments:
jvm_args: --add-modules=ALL-SYSTEM --add-opens=java.base/java.util=ALL-UNNAMED --add-opens=java.base/java.lang=ALL-UNNAMED --add-opens=java.base/sun.nio.fs=ALL-UNNAMED -Declipse.application=org.eclipse.jdt.ls.core.id1 -Dosgi.bundles.defaultStartLevel=4 -Declipse.product=org.eclipse.jdt.ls.core.product -Djava.import.generatesMetadataFilesAtProjectRoot=false -DDetectVMInstallationsJob.disabled=true -Dfile.encoding=utf8 -XX:+UseParallelGC -XX:GCTimeRatio=4 -XX:AdaptiveSizePolicyWeight=90 -Dsun.zip.disableMemoryMapping=true -Xmx2G -Xms100m -Xlog:disable -javaagent:c:\Users\hisag\.vscode\extensions\redhat.java-1.43.0-win32-x64\lombok\lombok-1.18.39-4050.jar -XX:+HeapDumpOnOutOfMemoryError -XX:HeapDumpPath=c:\Users\hisag\AppData\Roaming\Code\User\workspaceStorage\249cc3694752c1fc636522816d6bf5b4\redhat.java -Daether.dependencyCollector.impl=bf 
java_command: c:\Users\hisag\.vscode\extensions\redhat.java-1.43.0-win32-x64\server\plugins\org.eclipse.equinox.launcher_1.7.0.v20250519-0528.jar -configuration c:\Users\hisag\AppData\Roaming\Code\User\globalStorage\redhat.java\1.43.0\config_win -data c:\Users\hisag\AppData\Roaming\Code\User\workspaceStorage\249cc3694752c1fc636522816d6bf5b4\redhat.java\jdt_ws --pipe=\\.\pipe\lsp-e3ef36224c1f3520fc40e3d3001ebc87-sock
java_class_path (initial): c:\Users\hisag\.vscode\extensions\redhat.java-1.43.0-win32-x64\server\plugins\org.eclipse.equinox.launcher_1.7.0.v20250519-0528.jar
Launcher Type: SUN_STANDARD

[Global flags]
    uintx AdaptiveSizePolicyWeight                 = 90                                        {product} {command line}
     intx CICompilerCount                          = 3                                         {product} {ergonomic}
    uintx GCTimeRatio                              = 4                                         {product} {command line}
     bool HeapDumpOnOutOfMemoryError               = true                                   {manageable} {command line}
    ccstr HeapDumpPath                             = c:\Users\hisag\AppData\Roaming\Code\User\workspaceStorage\249cc3694752c1fc636522816d6bf5b4\redhat.java         {manageable} {command line}
   size_t InitialHeapSize                          = 104857600                                 {product} {command line}
   size_t MaxHeapSize                              = 2147483648                                {product} {command line}
   size_t MaxNewSize                               = 715653120                                 {product} {ergonomic}
   size_t MinHeapDeltaBytes                        = 524288                                    {product} {ergonomic}
   size_t MinHeapSize                              = 104857600                                 {product} {command line}
   size_t NewSize                                  = 34603008                                  {product} {ergonomic}
    uintx NonNMethodCodeHeapSize                   = 5832780                                {pd product} {ergonomic}
    uintx NonProfiledCodeHeapSize                  = 122912730                              {pd product} {ergonomic}
   size_t OldSize                                  = 70254592                                  {product} {ergonomic}
    uintx ProfiledCodeHeapSize                     = 122912730                              {pd product} {ergonomic}
    uintx ReservedCodeCacheSize                    = 251658240                              {pd product} {ergonomic}
     bool SegmentedCodeCache                       = true                                      {product} {ergonomic}
   size_t SoftMaxHeapSize                          = 2147483648                             {manageable} {ergonomic}
     bool UseCompressedOops                        = true                           {product lp64_product} {ergonomic}
     bool UseLargePagesIndividualAllocation        = false                                  {pd product} {ergonomic}
     bool UseParallelGC                            = true                                      {product} {command line}

Logging:
Log output configuration:
 #0: stdout all=off uptime,level,tags foldmultilines=false
 #1: stderr all=off uptime,level,tags foldmultilines=false

Environment Variables:
JAVA_HOME=E:\Programming\compiler\jdk-17
PATH=C:\Program Files\Common Files\Oracle\Java\javapath;C:\WINDOWS\system32;C:\WINDOWS;C:\WINDOWS\System32\Wbem;C:\WINDOWS\System32\WindowsPowerShell\v1.0\;C:\WINDOWS\System32\OpenSSH\;C:\Program Files (x86)\MinGWStudio\MinGW\bin;C:\xampp\php;C:\composer;C:\Program Files\Git\cmd;C:\Program Files\Java\jdk-20\bin;C:\Program Files (x86)\Microsoft SQL Server\160\Tools\Binn\;C:\Program Files\Microsoft SQL Server\160\Tools\Binn\;C:\Program Files\Microsoft SQL Server\Client SDK\ODBC\170\Tools\Binn\;C:\Program Files\Microsoft SQL Server\160\DTS\Binn\;C:\Program Files\dotnet\;C:\Program Files (x86)\dotnet\;C:\Users\hisag\AppData\Roaming\nvm;C:\Program Files\nodejs;C:\ProgramData\chocolatey\bin;C:\Users\hisag\AppData\Local\Android\Sdk\platform-tools;C:\Users\hisag\AppData\Local\Programs\Python\Python313;C:\Users\hisag\AppData\Local\Programs\Python\Python313\Scripts;E:\Programming\compiler\nodejs\;C:\Users\hisag\AppData\Local\Pub\Cache\bin;C:\ProgramData\ComposerSetup\bin;E:\Programming\compiler\Go\bin;C:\Users\hisag\.cargo\bin;C:\Users\hisag\AppData\Local\Programs\Python\Launcher\;C:\Users\hisag\AppData\Local\Android\Sdk\tools;C:\Users\hisag\AppData\Local\Microsoft\WindowsApps;C:\Users\hisag\spicetify-cli;C:\Users\hisag\AppData\Local\Microsoft\WindowsApps;C:\Users\hisag\AppData\Local\Programs\Microsoft VS Code\bin;C:\Users\hisag\AppData\Roaming\Composer\vendor\bin;C:\Program Files\Java\jdk-20\bin;D:\Flutter\flutter\bin;C:\Program Files\Azure Data Studio\bin;C:\Users\hisag\.dotnet\tools;C:\Users\hisag\AppData\Roaming\nvm;C:\Program Files\nodejs;C:\Users\hisag\AppData\Local\Microsoft\WinGet\Links;C:\Users\hisag\AppData\Local\Android\Sdk\platform-tools;C:\Users\hisag\AppData\Local\Programs\Python\Python313;C:\Users\hisag\AppData\Local\Programs\Python\Python313\Scripts;E:\Programming\compiler\python;E:\Programming\laragon\bin\php\php-8.4.7-Win32-vs17-x64;E:\Programming\compiler\MinGW;E:\Programming\compiler\MinGW\bin;C:\Users\hisag\AppData\Roaming\npm;E:\Programming\compiler\jdk-17\bin;E:\Programming\compiler\flutter\bin;E:\Programming\compiler\cmdline-tools\platform-tools;E:\Programming\compiler\cmdline-tools\platforms;C:\Users\hisag\AppData\Local\Pub\Cache\bin;E:\Programming\compiler\kotlinc\bin;E:\Programming\compiler\gradle-8.14\bin;C:\Users\hisag\go\bin;E:\Programming\compiler\Go\bin;E:\Programming\compiler\Rust\.cargo\bin;
USERNAME=hisag
OS=Windows_NT
PROCESSOR_IDENTIFIER=AMD64 Family 23 Model 96 Stepping 1, AuthenticAMD
TMP=C:\Users\hisag\AppData\Local\Temp
TEMP=C:\Users\hisag\AppData\Local\Temp




Periodic native trim disabled

---------------  S Y S T E M  ---------------

OS:
 Windows 11 , 64 bit Build 26100 (10.0.26100.4484)
OS uptime: 0 days 15:31 hours
Hyper-V role detected

CPU: total 6 (initial active 6) (6 cores per cpu, 1 threads per core) family 23 model 96 stepping 1 microcode 0x8600106, cx8, cmov, fxsr, mmx, 3dnowpref, sse, sse2, sse3, ssse3, sse4a, sse4.1, sse4.2, popcnt, lzcnt, tsc, tscinvbit, avx, avx2, aes, clmul, bmi1, bmi2, adx, sha, fma, vzeroupper, clflush, clflushopt, hv, rdtscp, rdpid, f16c
Processor Information for the first 6 processors :
  Max Mhz: 2375, Current Mhz: 2375, Mhz Limit: 2375

Memory: 4k page, system-wide physical 7030M (774M free)
TotalPageFile size 19318M (AvailPageFile size 1M)
current process WorkingSet (physical memory assigned to process): 95M, peak: 95M
current process commit charge ("private bytes"): 234M, peak: 234M

vm_info: OpenJDK 64-Bit Server VM (21.0.7+6-LTS) for windows-amd64 JRE (21.0.7+6-LTS), built on 2025-04-15T00:00:00Z by "admin" with MS VC++ 17.7 (VS2022)

END.
