#
# There is insufficient memory for the Java Runtime Environment to continue.
# Native memory allocation (malloc) failed to allocate 282816 bytes. Error detail: Chunk::new
# Possible reasons:
#   The system is out of physical RAM or swap space
#   This process is running with CompressedOops enabled, and the Java Heap may be blocking the growth of the native heap
# Possible solutions:
#   Reduce memory load on the system
#   Increase physical memory or swap space
#   Check if swap backing store is full
#   Decrease Java heap size (-Xmx/-Xms)
#   Decrease number of Java threads
#   Decrease Java thread stack sizes (-Xss)
#   Set larger code cache with -XX:ReservedCodeCacheSize=
#   JVM is running with Unscaled Compressed Oops mode in which the Java heap is
#     placed in the first 4GB address space. The Java Heap base address is the
#     maximum limit for the native heap growth. Please use -XX:HeapBaseMinAddress
#     to set the Java Heap base and to place the Java Heap above 4GB virtual address.
# This output file may be truncated or incomplete.
#
#  Out of Memory Error (arena.cpp:168), pid=2408, tid=9360
#
# JRE version: OpenJDK Runtime Environment Temurin-21.0.7+6 (21.0.7+6) (build 21.0.7+6-LTS)
# Java VM: OpenJDK 64-Bit Server VM Temurin-21.0.7+6 (21.0.7+6-LTS, mixed mode, sharing, tiered, compressed oops, compressed class ptrs, parallel gc, windows-amd64)
# No core dump will be written. Minidumps are not enabled by default on client versions of Windows
#

---------------  S U M M A R Y ------------

Command Line: --add-modules=ALL-SYSTEM --add-opens=java.base/java.util=ALL-UNNAMED --add-opens=java.base/java.lang=ALL-UNNAMED --add-opens=java.base/sun.nio.fs=ALL-UNNAMED -Declipse.application=org.eclipse.jdt.ls.core.id1 -Dosgi.bundles.defaultStartLevel=4 -Declipse.product=org.eclipse.jdt.ls.core.product -Djava.import.generatesMetadataFilesAtProjectRoot=false -DDetectVMInstallationsJob.disabled=true -Dfile.encoding=utf8 -XX:+UseParallelGC -XX:GCTimeRatio=4 -XX:AdaptiveSizePolicyWeight=90 -Dsun.zip.disableMemoryMapping=true -Xmx2G -Xms100m -Xlog:disable -javaagent:c:\Users\hisag\.vscode\extensions\redhat.java-1.43.0-win32-x64\lombok\lombok-1.18.39-4050.jar c:\Users\hisag\.vscode\extensions\redhat.java-1.43.0-win32-x64\server\plugins\org.eclipse.equinox.launcher_1.7.0.v20250519-0528.jar -configuration c:\Users\hisag\AppData\Roaming\Code\User\globalStorage\redhat.java\1.43.0\config_ss_win -data c:\Users\hisag\AppData\Roaming\Code\User\workspaceStorage\249cc3694752c1fc636522816d6bf5b4\redhat.java\ss_ws --pipe=\\.\pipe\lsp-0ea7e22daab83e38e59f20b5e393377f-sock

Host: AMD Ryzen 5 4500U with Radeon Graphics         , 6 cores, 6G,  Windows 11 , 64 bit Build 26100 (10.0.26100.4484)
Time: Wed Jul  2 21:52:03 2025 SE Asia Standard Time elapsed time: 5.782091 seconds (0d 0h 0m 5s)

---------------  T H R E A D  ---------------

Current thread (0x000002d8e26daef0):  JavaThread "C2 CompilerThread0" daemon [_thread_in_native, id=9360, stack(0x000000f410800000,0x000000f410900000) (1024K)]


Current CompileTask:
C2:5782 1736       4       java.io.WinNTFileSystem::normalize (143 bytes)

Stack: [0x000000f410800000,0x000000f410900000]
Native frames: (J=compiled Java code, j=interpreted, Vv=VM code, C=native code)
V  [jvm.dll+0x6ce119]
V  [jvm.dll+0x8a84a1]
V  [jvm.dll+0x8aa9ce]
V  [jvm.dll+0x8ab0b3]
V  [jvm.dll+0x27f8a6]
V  [jvm.dll+0xc507d]
V  [jvm.dll+0xc55b3]
V  [jvm.dll+0x2f2c6d]
V  [jvm.dll+0x5f6bca]
V  [jvm.dll+0x250cb2]
V  [jvm.dll+0x25106f]
V  [jvm.dll+0x249934]
V  [jvm.dll+0x246fc4]
V  [jvm.dll+0x1c760e]
V  [jvm.dll+0x25695a]
V  [jvm.dll+0x254efa]
V  [jvm.dll+0x3f03f6]
V  [jvm.dll+0x851f6b]
V  [jvm.dll+0x6cc7dd]
C  [ucrtbase.dll+0x37b0]
C  [KERNEL32.DLL+0x2e8d7]
C  [ntdll.dll+0x3c34c]


---------------  P R O C E S S  ---------------

Threads class SMR info:
_java_thread_list=0x000002d8e8504a70, length=12, elements={
0x000002d8cbcb3290, 0x000002d8cbd6d140, 0x000002d8cbd6e050, 0x000002d8e26d46d0,
0x000002d8e26d5320, 0x000002d8e26d92e0, 0x000002d8e26d9f90, 0x000002d8e26daef0,
0x000002d8e274daf0, 0x000002d8e39fc120, 0x000002d8e3c1b610, 0x000002d8e8166540
}

Java Threads: ( => current thread )
  0x000002d8cbcb3290 JavaThread "main"                              [_thread_in_native, id=16444, stack(0x000000f40fe00000,0x000000f40ff00000) (1024K)]
  0x000002d8cbd6d140 JavaThread "Reference Handler"          daemon [_thread_blocked, id=18708, stack(0x000000f410200000,0x000000f410300000) (1024K)]
  0x000002d8cbd6e050 JavaThread "Finalizer"                  daemon [_thread_blocked, id=13372, stack(0x000000f410300000,0x000000f410400000) (1024K)]
  0x000002d8e26d46d0 JavaThread "Signal Dispatcher"          daemon [_thread_blocked, id=2296, stack(0x000000f410400000,0x000000f410500000) (1024K)]
  0x000002d8e26d5320 JavaThread "Attach Listener"            daemon [_thread_blocked, id=13556, stack(0x000000f410500000,0x000000f410600000) (1024K)]
  0x000002d8e26d92e0 JavaThread "Service Thread"             daemon [_thread_blocked, id=11960, stack(0x000000f410600000,0x000000f410700000) (1024K)]
  0x000002d8e26d9f90 JavaThread "Monitor Deflation Thread"   daemon [_thread_blocked, id=9336, stack(0x000000f410700000,0x000000f410800000) (1024K)]
=>0x000002d8e26daef0 JavaThread "C2 CompilerThread0"         daemon [_thread_in_native, id=9360, stack(0x000000f410800000,0x000000f410900000) (1024K)]
  0x000002d8e274daf0 JavaThread "C1 CompilerThread0"         daemon [_thread_blocked, id=2036, stack(0x000000f410900000,0x000000f410a00000) (1024K)]
  0x000002d8e39fc120 JavaThread "Common-Cleaner"             daemon [_thread_blocked, id=6000, stack(0x000000f410a00000,0x000000f410b00000) (1024K)]
  0x000002d8e3c1b610 JavaThread "Notification Thread"        daemon [_thread_blocked, id=17344, stack(0x000000f410b00000,0x000000f410c00000) (1024K)]
  0x000002d8e8166540 JavaThread "Active Thread: Equinox Container: 25d974b4-6e33-4515-a2ae-d9f06ad2e3ab"        [_thread_blocked, id=13364, stack(0x000000f410c00000,0x000000f410d00000) (1024K)]
Total: 12

Other Threads:
  0x000002d8e26d1260 VMThread "VM Thread"                           [id=10756, stack(0x000000f410100000,0x000000f410200000) (1024K)]
  0x000002d8e262ca00 WatcherThread "VM Periodic Task Thread"        [id=5516, stack(0x000000f410000000,0x000000f410100000) (1024K)]
  0x000002d8cbcd1af0 WorkerThread "GC Thread#0"                     [id=8260, stack(0x000000f40ff00000,0x000000f410000000) (1024K)]
  0x000002d8e81ead90 WorkerThread "GC Thread#1"                     [id=9992, stack(0x000000f410d00000,0x000000f410e00000) (1024K)]
  0x000002d8e83a8f00 WorkerThread "GC Thread#2"                     [id=17060, stack(0x000000f410e00000,0x000000f410f00000) (1024K)]
  0x000002d8e83a92a0 WorkerThread "GC Thread#3"                     [id=19292, stack(0x000000f410f00000,0x000000f411000000) (1024K)]
  0x000002d8e83b4260 WorkerThread "GC Thread#4"                     [id=14852, stack(0x000000f411000000,0x000000f411100000) (1024K)]
  0x000002d8e83b4600 WorkerThread "GC Thread#5"                     [id=18296, stack(0x000000f411100000,0x000000f411200000) (1024K)]
Total: 8

Threads with active compile tasks:
C2 CompilerThread0  5805 1736       4       java.io.WinNTFileSystem::normalize (143 bytes)
Total: 1

VM state: not at safepoint (normal execution)

VM Mutex/Monitor currently owned by a thread: None

Heap address: 0x0000000080000000, size: 2048 MB, Compressed Oops mode: 32-bit

CDS archive(s) mapped at: [0x000002d880000000-0x000002d880ba0000-0x000002d880ba0000), size 12189696, SharedBaseAddress: 0x000002d880000000, ArchiveRelocationMode: 1.
Compressed class space mapped at: 0x000002d881000000-0x000002d8c1000000, reserved size: 1073741824
Narrow klass base: 0x000002d880000000, Narrow klass shift: 0, Narrow klass range: 0x100000000

GC Precious Log:
 CardTable entry size: 512
 CPUs: 6 total, 6 available
 Memory: 7030M
 Large Page Support: Disabled
 NUMA Support: Disabled
 Compressed Oops: Enabled (32-bit)
 Alignments: Space 512K, Generation 512K, Heap 2M
 Heap Min Capacity: 100M
 Heap Initial Capacity: 100M
 Heap Max Capacity: 2G
 Pre-touch: Disabled
 Parallel Workers: 6

Heap:
 PSYoungGen      total 29696K, used 26487K [0x00000000d5580000, 0x00000000d7680000, 0x0000000100000000)
  eden space 25600K, 90% used [0x00000000d5580000,0x00000000d6c20080,0x00000000d6e80000)
  from space 4096K, 81% used [0x00000000d6e80000,0x00000000d71bdc78,0x00000000d7280000)
  to   space 4096K, 0% used [0x00000000d7280000,0x00000000d7280000,0x00000000d7680000)
 ParOldGen       total 68608K, used 16K [0x0000000080000000, 0x0000000084300000, 0x00000000d5580000)
  object space 68608K, 0% used [0x0000000080000000,0x0000000080004000,0x0000000084300000)
 Metaspace       used 7913K, committed 8192K, reserved 1114112K
  class space    used 807K, committed 960K, reserved 1048576K

Card table byte_map: [0x000002d8cb660000,0x000002d8cba70000] _byte_map_base: 0x000002d8cb260000

Marking Bits: (ParMarkBitMap*) 0x00007ffd6ba231f0
 Begin Bits: [0x000002d8de150000, 0x000002d8e0150000)
 End Bits:   [0x000002d8e0150000, 0x000002d8e2150000)

Polling page: 0x000002d8c9f20000

Metaspace:

Usage:
  Non-class:      6.94 MB used.
      Class:    807.30 KB used.
       Both:      7.73 MB used.

Virtual space:
  Non-class space:       64.00 MB reserved,       7.06 MB ( 11%) committed,  1 nodes.
      Class space:        1.00 GB reserved,     960.00 KB ( <1%) committed,  1 nodes.
             Both:        1.06 GB reserved,       8.00 MB ( <1%) committed. 

Chunk freelists:
   Non-Class:  8.81 MB
       Class:  14.92 MB
        Both:  23.73 MB

MaxMetaspaceSize: unlimited
CompressedClassSpaceSize: 1.00 GB
Initial GC threshold: 21.00 MB
Current GC threshold: 21.00 MB
CDS: on
 - commit_granule_bytes: 65536.
 - commit_granule_words: 8192.
 - virtual_space_node_default_size: 8388608.
 - enlarge_chunks_in_place: 1.
 - use_allocation_guard: 0.


Internal statistics:

num_allocs_failed_limit: 0.
num_arena_births: 228.
num_arena_deaths: 0.
num_vsnodes_births: 2.
num_vsnodes_deaths: 0.
num_space_committed: 128.
num_space_uncommitted: 0.
num_chunks_returned_to_freelist: 0.
num_chunks_taken_from_freelist: 413.
num_chunk_merges: 0.
num_chunk_splits: 266.
num_chunks_enlarged: 182.
num_inconsistent_stats: 0.

CodeHeap 'non-profiled nmethods': size=120000Kb used=763Kb max_used=763Kb free=119236Kb
 bounds [0x000002d8d6970000, 0x000002d8d6be0000, 0x000002d8ddea0000]
CodeHeap 'profiled nmethods': size=120000Kb used=3103Kb max_used=3103Kb free=116897Kb
 bounds [0x000002d8ceea0000, 0x000002d8cf1b0000, 0x000002d8d63d0000]
CodeHeap 'non-nmethods': size=5760Kb used=1215Kb max_used=1234Kb free=4544Kb
 bounds [0x000002d8d63d0000, 0x000002d8d6640000, 0x000002d8d6970000]
 total_blobs=2217 nmethods=1735 adapters=389
 compilation: enabled
              stopped_count=0, restarted_count=0
 full_count=0

Compilation events (20 events):
Event: 3.631 Thread 0x000002d8e274daf0 nmethod 1726 0x000002d8cf1a2610 code [0x000002d8cf1a27c0, 0x000002d8cf1a2900]
Event: 3.631 Thread 0x000002d8e274daf0 1727       3       java.io.File::<init> (47 bytes)
Event: 3.632 Thread 0x000002d8e274daf0 nmethod 1727 0x000002d8cf1a2990 code [0x000002d8cf1a2b60, 0x000002d8cf1a2e90]
Event: 3.901 Thread 0x000002d8e274daf0 1728       3       java.net.URL::isValidProtocol (78 bytes)
Event: 3.902 Thread 0x000002d8e274daf0 nmethod 1728 0x000002d8cf1a3010 code [0x000002d8cf1a3320, 0x000002d8cf1a4558]
Event: 3.908 Thread 0x000002d8e274daf0 1729       3       java.net.URL::toExternalForm (9 bytes)
Event: 3.909 Thread 0x000002d8e274daf0 nmethod 1729 0x000002d8cf1a4c90 code [0x000002d8cf1a4e40, 0x000002d8cf1a5020]
Event: 3.910 Thread 0x000002d8e274daf0 1730       1       sun.nio.fs.NativeBuffer::address (5 bytes)
Event: 3.910 Thread 0x000002d8e274daf0 nmethod 1730 0x000002d8d6a2ec90 code [0x000002d8d6a2ee20, 0x000002d8d6a2eee8]
Event: 4.694 Thread 0x000002d8e274daf0 1731       3       java.lang.String::getChars (55 bytes)
Event: 4.695 Thread 0x000002d8e274daf0 nmethod 1731 0x000002d8cf1a5110 code [0x000002d8cf1a5340, 0x000002d8cf1a5a48]
Event: 4.695 Thread 0x000002d8e274daf0 1732       3       java.lang.StringLatin1::getChars (12 bytes)
Event: 4.695 Thread 0x000002d8e274daf0 nmethod 1732 0x000002d8cf1a5d90 code [0x000002d8cf1a5f40, 0x000002d8cf1a6068]
Event: 4.802 Thread 0x000002d8e274daf0 1733       3       java.lang.ThreadLocal::get (35 bytes)
Event: 4.802 Thread 0x000002d8e274daf0 nmethod 1733 0x000002d8cf1a6110 code [0x000002d8cf1a62e0, 0x000002d8cf1a65e8]
Event: 4.803 Thread 0x000002d8e274daf0 1734       3       sun.nio.fs.WindowsPathParser::nextNonSlash (24 bytes)
Event: 4.803 Thread 0x000002d8e274daf0 nmethod 1734 0x000002d8cf1a6790 code [0x000002d8cf1a69a0, 0x000002d8cf1a70a8]
Event: 5.058 Thread 0x000002d8e274daf0 1735       3       org.eclipse.osgi.framework.util.SecureAction::getProperty (31 bytes)
Event: 5.059 Thread 0x000002d8e26daef0 1736       4       java.io.WinNTFileSystem::normalize (143 bytes)
Event: 5.059 Thread 0x000002d8e274daf0 nmethod 1735 0x000002d8cf1a7410 code [0x000002d8cf1a7600, 0x000002d8cf1a7a58]

GC Heap History (2 events):
Event: 1.529 GC heap before
{Heap before GC invocations=1 (full 0):
 PSYoungGen      total 29696K, used 25600K [0x00000000d5580000, 0x00000000d7680000, 0x0000000100000000)
  eden space 25600K, 100% used [0x00000000d5580000,0x00000000d6e80000,0x00000000d6e80000)
  from space 4096K, 0% used [0x00000000d7280000,0x00000000d7280000,0x00000000d7680000)
  to   space 4096K, 0% used [0x00000000d6e80000,0x00000000d6e80000,0x00000000d7280000)
 ParOldGen       total 68608K, used 0K [0x0000000080000000, 0x0000000084300000, 0x00000000d5580000)
  object space 68608K, 0% used [0x0000000080000000,0x0000000080000000,0x0000000084300000)
 Metaspace       used 4321K, committed 4608K, reserved 1114112K
  class space    used 458K, committed 576K, reserved 1048576K
}
Event: 1.544 GC heap after
{Heap after GC invocations=1 (full 0):
 PSYoungGen      total 29696K, used 3319K [0x00000000d5580000, 0x00000000d7680000, 0x0000000100000000)
  eden space 25600K, 0% used [0x00000000d5580000,0x00000000d5580000,0x00000000d6e80000)
  from space 4096K, 81% used [0x00000000d6e80000,0x00000000d71bdc78,0x00000000d7280000)
  to   space 4096K, 0% used [0x00000000d7280000,0x00000000d7280000,0x00000000d7680000)
 ParOldGen       total 68608K, used 16K [0x0000000080000000, 0x0000000084300000, 0x00000000d5580000)
  object space 68608K, 0% used [0x0000000080000000,0x0000000080004000,0x0000000084300000)
 Metaspace       used 4321K, committed 4608K, reserved 1114112K
  class space    used 458K, committed 576K, reserved 1048576K
}

Dll operation events (8 events):
Event: 0.044 Loaded shared library c:\Users\hisag\.vscode\extensions\redhat.java-1.43.0-win32-x64\jre\21.0.7-win32-x86_64\bin\java.dll
Event: 0.150 Loaded shared library c:\Users\hisag\.vscode\extensions\redhat.java-1.43.0-win32-x64\jre\21.0.7-win32-x86_64\bin\zip.dll
Event: 0.225 Loaded shared library C:\Users\hisag\.vscode\extensions\redhat.java-1.43.0-win32-x64\jre\21.0.7-win32-x86_64\bin\instrument.dll
Event: 0.231 Loaded shared library C:\Users\hisag\.vscode\extensions\redhat.java-1.43.0-win32-x64\jre\21.0.7-win32-x86_64\bin\net.dll
Event: 0.234 Loaded shared library C:\Users\hisag\.vscode\extensions\redhat.java-1.43.0-win32-x64\jre\21.0.7-win32-x86_64\bin\nio.dll
Event: 0.238 Loaded shared library C:\Users\hisag\.vscode\extensions\redhat.java-1.43.0-win32-x64\jre\21.0.7-win32-x86_64\bin\zip.dll
Event: 0.271 Loaded shared library C:\Users\hisag\.vscode\extensions\redhat.java-1.43.0-win32-x64\jre\21.0.7-win32-x86_64\bin\jimage.dll
Event: 0.457 Loaded shared library c:\Users\hisag\.vscode\extensions\redhat.java-1.43.0-win32-x64\jre\21.0.7-win32-x86_64\bin\verify.dll

Deoptimization events (20 events):
Event: 2.832 Thread 0x000002d8cbcb3290 DEOPT PACKING pc=0x000002d8d69f10b4 sp=0x000000f40fefebc0
Event: 2.832 Thread 0x000002d8cbcb3290 DEOPT UNPACKING pc=0x000002d8d6423aa2 sp=0x000000f40fefeb40 mode 2
Event: 3.088 Thread 0x000002d8cbcb3290 Uncommon trap: trap_request=0xffffffde fr.pc=0x000002d8d6a150b4 relative=0x00000000000009b4
Event: 3.088 Thread 0x000002d8cbcb3290 Uncommon trap: reason=class_check action=maybe_recompile pc=0x000002d8d6a150b4 method=java.util.HashMap.putVal(ILjava/lang/Object;Ljava/lang/Object;ZZ)Ljava/lang/Object; @ 253 c2
Event: 3.088 Thread 0x000002d8cbcb3290 DEOPT PACKING pc=0x000002d8d6a150b4 sp=0x000000f40fefe4f0
Event: 3.088 Thread 0x000002d8cbcb3290 DEOPT UNPACKING pc=0x000002d8d6423aa2 sp=0x000000f40fefe418 mode 2
Event: 3.100 Thread 0x000002d8cbcb3290 Uncommon trap: trap_request=0xffffffde fr.pc=0x000002d8d6a150b4 relative=0x00000000000009b4
Event: 3.100 Thread 0x000002d8cbcb3290 Uncommon trap: reason=class_check action=maybe_recompile pc=0x000002d8d6a150b4 method=java.util.HashMap.putVal(ILjava/lang/Object;Ljava/lang/Object;ZZ)Ljava/lang/Object; @ 253 c2
Event: 3.101 Thread 0x000002d8cbcb3290 DEOPT PACKING pc=0x000002d8d6a150b4 sp=0x000000f40fefe4f0
Event: 3.101 Thread 0x000002d8cbcb3290 DEOPT UNPACKING pc=0x000002d8d6423aa2 sp=0x000000f40fefe418 mode 2
Event: 3.102 Thread 0x000002d8cbcb3290 Uncommon trap: trap_request=0xffffffde fr.pc=0x000002d8d69c01f8 relative=0x0000000000000918
Event: 3.102 Thread 0x000002d8cbcb3290 Uncommon trap: reason=class_check action=maybe_recompile pc=0x000002d8d69c01f8 method=java.util.HashMap.putVal(ILjava/lang/Object;Ljava/lang/Object;ZZ)Ljava/lang/Object; @ 253 c2
Event: 3.102 Thread 0x000002d8cbcb3290 DEOPT PACKING pc=0x000002d8d69c01f8 sp=0x000000f40fefe350
Event: 3.102 Thread 0x000002d8cbcb3290 DEOPT UNPACKING pc=0x000002d8d6423aa2 sp=0x000000f40fefe310 mode 2
Event: 3.213 Thread 0x000002d8cbcb3290 DEOPT PACKING pc=0x000002d8cf025488 sp=0x000000f40fefc690
Event: 3.213 Thread 0x000002d8cbcb3290 DEOPT UNPACKING pc=0x000002d8d6424242 sp=0x000000f40fefbb10 mode 0
Event: 3.213 Thread 0x000002d8cbcb3290 Uncommon trap: trap_request=0xffffff6e fr.pc=0x000002d8d69de574 relative=0x0000000000000334
Event: 3.213 Thread 0x000002d8cbcb3290 Uncommon trap: reason=loop_limit_check action=maybe_recompile pc=0x000002d8d69de574 method=java.math.BigInteger.implMultiplyToLen([II[II[I)[I @ 135 c2
Event: 3.213 Thread 0x000002d8cbcb3290 DEOPT PACKING pc=0x000002d8d69de574 sp=0x000000f40fefc670
Event: 3.213 Thread 0x000002d8cbcb3290 DEOPT UNPACKING pc=0x000002d8d6423aa2 sp=0x000000f40fefc620 mode 2

Classes loaded (20 events):
Event: 3.194 Loading class java/security/KeyStoreException
Event: 3.194 Loading class java/security/KeyStoreException done
Event: 3.286 Loading class java/util/LinkedList$Node
Event: 3.287 Loading class java/util/LinkedList$Node done
Event: 3.287 Loading class java/util/LinkedList$ListItr
Event: 3.287 Loading class java/util/LinkedList$ListItr done
Event: 3.288 Loading class java/lang/Thread$Builder$OfPlatform
Event: 3.289 Loading class java/lang/Thread$Builder
Event: 3.289 Loading class java/lang/Thread$Builder done
Event: 3.289 Loading class java/lang/Thread$Builder$OfPlatform done
Event: 3.289 Loading class java/lang/Thread$Builder$OfVirtual
Event: 3.289 Loading class java/lang/Thread$Builder$OfVirtual done
Event: 3.306 Loading class sun/nio/fs/WindowsChannelFactory
Event: 3.307 Loading class sun/nio/fs/WindowsChannelFactory done
Event: 3.307 Loading class sun/nio/fs/WindowsChannelFactory$1
Event: 3.307 Loading class sun/nio/fs/WindowsChannelFactory$1 done
Event: 3.307 Loading class sun/nio/fs/WindowsChannelFactory$Flags
Event: 3.307 Loading class sun/nio/fs/WindowsChannelFactory$Flags done
Event: 3.307 Loading class sun/nio/ch/FileChannelImpl$Closer
Event: 3.308 Loading class sun/nio/ch/FileChannelImpl$Closer done

Classes unloaded (0 events):
No events

Classes redefined (0 events):
No events

Internal exceptions (20 events):
Event: 1.079 Thread 0x000002d8cbcb3290 Exception <a 'java/lang/NoSuchMethodError'{0x00000000d655fb00}: 'int java.lang.invoke.DirectMethodHandle$Holder.invokeStatic(java.lang.Object, java.lang.Object, java.lang.Object, java.lang.Object, java.lang.Object)'> (0x00000000d655fb00) 
thrown [s\src\hotspot\share\interpreter\linkResolver.cpp, line 773]
Event: 1.137 Thread 0x000002d8cbcb3290 Exception <a 'java/lang/NoSuchMethodError'{0x00000000d65f34e0}: 'java.lang.Object java.lang.invoke.DirectMethodHandle$Holder.invokeInterface(java.lang.Object, java.lang.Object, int)'> (0x00000000d65f34e0) 
thrown [s\src\hotspot\share\interpreter\linkResolver.cpp, line 773]
Event: 1.403 Thread 0x000002d8cbcb3290 Exception <a 'java/lang/NoSuchMethodError'{0x00000000d6a6c598}: 'java.lang.ClassLoader java.lang.ClassLoader.getPlatformClassLoader(java.lang.Class)'> (0x00000000d6a6c598) 
thrown [s\src\hotspot\share\interpreter\linkResolver.cpp, line 773]
Event: 1.548 Thread 0x000002d8cbcb3290 Exception <a 'java/lang/ClassNotFoundException'{0x00000000d5588528}: sun/net/www/protocol/c/Handler> (0x00000000d5588528) 
thrown [s\src\hotspot\share\classfile\systemDictionary.cpp, line 312]
Event: 1.548 Thread 0x000002d8cbcb3290 Exception <a 'java/lang/ClassNotFoundException'{0x00000000d55898b8}: sun/net/www/protocol/e/Handler> (0x00000000d55898b8) 
thrown [s\src\hotspot\share\classfile\systemDictionary.cpp, line 312]
Event: 1.548 Thread 0x000002d8cbcb3290 Exception <a 'java/lang/ClassNotFoundException'{0x00000000d558aa80}: sun/net/www/protocol/c/Handler> (0x00000000d558aa80) 
thrown [s\src\hotspot\share\classfile\systemDictionary.cpp, line 312]
Event: 1.562 Thread 0x000002d8cbcb3290 Exception <a 'java/io/FileNotFoundException'{0x00000000d55af5b0}> (0x00000000d55af5b0) 
thrown [s\src\hotspot\share\prims\jni.cpp, line 520]
Event: 1.703 Thread 0x000002d8cbcb3290 Implicit null exception at 0x000002d8d69d20c9 to 0x000002d8d69d2a40
Event: 1.703 Thread 0x000002d8cbcb3290 Implicit null exception at 0x000002d8d69dea1a to 0x000002d8d69dec24
Event: 1.706 Thread 0x000002d8cbcb3290 Exception <a 'java/lang/NoSuchMethodError'{0x00000000d575b1c0}: 'void java.lang.invoke.DirectMethodHandle$Holder.invokeStatic(java.lang.Object, java.lang.Object, java.lang.Object, java.lang.Object)'> (0x00000000d575b1c0) 
thrown [s\src\hotspot\share\interpreter\linkResolver.cpp, line 773]
Event: 1.709 Thread 0x000002d8cbcb3290 Implicit null exception at 0x000002d8d69d5fba to 0x000002d8d69d6228
Event: 1.710 Thread 0x000002d8cbcb3290 Implicit null exception at 0x000002d8d69d553d to 0x000002d8d69d55c1
Event: 2.225 Thread 0x000002d8cbcb3290 Exception <a 'java/lang/NoSuchMethodError'{0x00000000d59d2980}: 'void java.lang.invoke.DirectMethodHandle$Holder.invokeSpecial(java.lang.Object, java.lang.Object, java.lang.Object)'> (0x00000000d59d2980) 
thrown [s\src\hotspot\share\interpreter\linkResolver.cpp, line 773]
Event: 2.717 Thread 0x000002d8cbcb3290 Exception <a 'java/lang/NoSuchMethodError'{0x00000000d6281bf0}: 'int java.lang.invoke.DirectMethodHandle$Holder.invokeVirtual(java.lang.Object, java.lang.Object)'> (0x00000000d6281bf0) 
thrown [s\src\hotspot\share\interpreter\linkResolver.cpp, line 773]
Event: 2.912 Thread 0x000002d8cbcb3290 Exception <a 'java/lang/NoSuchMethodError'{0x00000000d63f4d60}: 'int java.lang.invoke.DirectMethodHandle$Holder.invokeStaticInit(java.lang.Object, java.lang.Object, java.lang.Object, java.lang.Object)'> (0x00000000d63f4d60) 
thrown [s\src\hotspot\share\interpreter\linkResolver.cpp, line 773]
Event: 2.913 Thread 0x000002d8cbcb3290 Exception <a 'java/lang/IncompatibleClassChangeError'{0x00000000d63fd1e8}: Found class java.lang.Object, but interface was expected> (0x00000000d63fd1e8) 
thrown [s\src\hotspot\share\interpreter\linkResolver.cpp, line 840]
Event: 2.914 Thread 0x000002d8cbcb3290 Exception <a 'java/lang/NoSuchMethodError'{0x00000000d64037f8}: 'void java.lang.invoke.DirectMethodHandle$Holder.invokeStaticInit(java.lang.Object, java.lang.Object)'> (0x00000000d64037f8) 
thrown [s\src\hotspot\share\interpreter\linkResolver.cpp, line 773]
Event: 2.915 Thread 0x000002d8cbcb3290 Exception <a 'java/lang/NoSuchMethodError'{0x00000000d640c9f0}: 'int java.lang.invoke.DirectMethodHandle$Holder.invokeStaticInit(java.lang.Object, java.lang.Object)'> (0x00000000d640c9f0) 
thrown [s\src\hotspot\share\interpreter\linkResolver.cpp, line 773]
Event: 3.061 Thread 0x000002d8cbcb3290 Exception <a 'java/lang/NoSuchMethodError'{0x00000000d6652c00}: 'java.lang.Object java.lang.invoke.DirectMethodHandle$Holder.newInvokeSpecial(java.lang.Object, int, java.lang.Object)'> (0x00000000d6652c00) 
thrown [s\src\hotspot\share\interpreter\linkResolver.cpp, line 773]
Event: 3.151 Thread 0x000002d8cbcb3290 Exception <a 'java/lang/ClassNotFoundException'{0x00000000d6860eb8}: sun/net/www/protocol/plurl/Handler> (0x00000000d6860eb8) 
thrown [s\src\hotspot\share\classfile\systemDictionary.cpp, line 312]

ZGC Phase Switch (0 events):
No events

VM Operations (20 events):
Event: 0.902 Executing VM operation: HandshakeAllThreads (Deoptimize)
Event: 0.902 Executing VM operation: HandshakeAllThreads (Deoptimize) done
Event: 1.453 Executing VM operation: ICBufferFull
Event: 1.453 Executing VM operation: ICBufferFull done
Event: 1.475 Executing VM operation: HandshakeAllThreads (Deoptimize)
Event: 1.475 Executing VM operation: HandshakeAllThreads (Deoptimize) done
Event: 1.529 Executing VM operation: ParallelGCFailedAllocation (Allocation Failure)
Event: 1.544 Executing VM operation: ParallelGCFailedAllocation (Allocation Failure) done
Event: 2.554 Executing VM operation: Cleanup
Event: 2.554 Executing VM operation: Cleanup done
Event: 2.939 Executing VM operation: HandshakeAllThreads (Deoptimize)
Event: 2.945 Executing VM operation: HandshakeAllThreads (Deoptimize) done
Event: 3.034 Executing VM operation: HandshakeAllThreads (Deoptimize)
Event: 3.034 Executing VM operation: HandshakeAllThreads (Deoptimize) done
Event: 3.134 Executing VM operation: HandshakeAllThreads (Deoptimize)
Event: 3.134 Executing VM operation: HandshakeAllThreads (Deoptimize) done
Event: 3.148 Executing VM operation: HandshakeAllThreads (Deoptimize)
Event: 3.148 Executing VM operation: HandshakeAllThreads (Deoptimize) done
Event: 4.155 Executing VM operation: Cleanup
Event: 4.156 Executing VM operation: Cleanup done

Memory protections (0 events):
No events

Nmethod flushes (0 events):
No events

Events (18 events):
Event: 0.081 Thread 0x000002d8cbcb3290 Thread added: 0x000002d8cbcb3290
Event: 0.107 Thread 0x000002d8cbcb3290 Thread added: 0x000002d8cbd6d140
Event: 0.107 Thread 0x000002d8cbcb3290 Thread added: 0x000002d8cbd6e050
Event: 0.107 Thread 0x000002d8cbcb3290 Thread added: 0x000002d8e26d46d0
Event: 0.107 Thread 0x000002d8cbcb3290 Thread added: 0x000002d8e26d5320
Event: 0.107 Thread 0x000002d8cbcb3290 Thread added: 0x000002d8e26d92e0
Event: 0.107 Thread 0x000002d8cbcb3290 Thread added: 0x000002d8e26d9f90
Event: 0.107 Thread 0x000002d8cbcb3290 Thread added: 0x000002d8e26daef0
Event: 0.111 Thread 0x000002d8cbcb3290 Thread added: 0x000002d8e274daf0
Event: 0.133 Thread 0x000002d8cbcb3290 Thread added: 0x000002d8e39fc120
Event: 0.629 Thread 0x000002d8cbcb3290 Thread added: 0x000002d8e3c1b610
Event: 0.782 Thread 0x000002d8e274daf0 Thread added: 0x000002d8e3c102c0
Event: 1.255 Thread 0x000002d8e3c102c0 Thread exited: 0x000002d8e3c102c0
Event: 1.457 Thread 0x000002d8e274daf0 Thread added: 0x000002d8e3c7b190
Event: 1.818 Thread 0x000002d8e3c7b190 Thread exited: 0x000002d8e3c7b190
Event: 2.329 Thread 0x000002d8e274daf0 Thread added: 0x000002d8e83e2d90
Event: 2.829 Thread 0x000002d8e83e2d90 Thread exited: 0x000002d8e83e2d90
Event: 2.926 Thread 0x000002d8cbcb3290 Thread added: 0x000002d8e8166540


Dynamic libraries:
0x00007ff6eafb0000 - 0x00007ff6eafbe000 	c:\Users\hisag\.vscode\extensions\redhat.java-1.43.0-win32-x64\jre\21.0.7-win32-x86_64\bin\java.exe
0x00007ffdeb1a0000 - 0x00007ffdeb408000 	C:\WINDOWS\SYSTEM32\ntdll.dll
0x00007ffde9500000 - 0x00007ffde95c9000 	C:\WINDOWS\System32\KERNEL32.DLL
0x00007ffde8940000 - 0x00007ffde8d2d000 	C:\WINDOWS\System32\KERNELBASE.dll
0x00007ffde86b0000 - 0x00007ffde87fb000 	C:\WINDOWS\System32\ucrtbase.dll
0x00007ffdd6ae0000 - 0x00007ffdd6af8000 	c:\Users\hisag\.vscode\extensions\redhat.java-1.43.0-win32-x64\jre\21.0.7-win32-x86_64\bin\jli.dll
0x00007ffde9bb0000 - 0x00007ffde9d7c000 	C:\WINDOWS\System32\USER32.dll
0x00007ffde8500000 - 0x00007ffde8527000 	C:\WINDOWS\System32\win32u.dll
0x00007ffde97f0000 - 0x00007ffde981b000 	C:\WINDOWS\System32\GDI32.dll
0x00007ffde8800000 - 0x00007ffde8937000 	C:\WINDOWS\System32\gdi32full.dll
0x00007ffde8d30000 - 0x00007ffde8dd3000 	C:\WINDOWS\System32\msvcp_win.dll
0x00007ffdd6350000 - 0x00007ffdd636e000 	c:\Users\hisag\.vscode\extensions\redhat.java-1.43.0-win32-x64\jre\21.0.7-win32-x86_64\bin\VCRUNTIME140.dll
0x00007ffddcd10000 - 0x00007ffddcfaa000 	C:\WINDOWS\WinSxS\amd64_microsoft.windows.common-controls_6595b64144ccf1df_6.0.26100.4484_none_3e0e6d4ce32ef3b3\COMCTL32.dll
0x00007ffdea5f0000 - 0x00007ffdea699000 	C:\WINDOWS\System32\msvcrt.dll
0x00007ffde8f70000 - 0x00007ffde8f9f000 	C:\WINDOWS\System32\IMM32.DLL
0x00007ffdd9df0000 - 0x00007ffdd9dfc000 	c:\Users\hisag\.vscode\extensions\redhat.java-1.43.0-win32-x64\jre\21.0.7-win32-x86_64\bin\vcruntime140_1.dll
0x00007ffd9bbc0000 - 0x00007ffd9bc4d000 	c:\Users\hisag\.vscode\extensions\redhat.java-1.43.0-win32-x64\jre\21.0.7-win32-x86_64\bin\msvcp140.dll
0x00007ffd6ad70000 - 0x00007ffd6bb00000 	c:\Users\hisag\.vscode\extensions\redhat.java-1.43.0-win32-x64\jre\21.0.7-win32-x86_64\bin\server\jvm.dll
0x00007ffdeae30000 - 0x00007ffdeaee4000 	C:\WINDOWS\System32\ADVAPI32.dll
0x00007ffdea850000 - 0x00007ffdea8f6000 	C:\WINDOWS\System32\sechost.dll
0x00007ffde9680000 - 0x00007ffde9798000 	C:\WINDOWS\System32\RPCRT4.dll
0x00007ffdeadb0000 - 0x00007ffdeae24000 	C:\WINDOWS\System32\WS2_32.dll
0x00007ffde8140000 - 0x00007ffde819e000 	C:\WINDOWS\SYSTEM32\POWRPROF.dll
0x00007ffddcfb0000 - 0x00007ffddcfe5000 	C:\WINDOWS\SYSTEM32\WINMM.dll
0x00007ffddf7d0000 - 0x00007ffddf7db000 	C:\WINDOWS\SYSTEM32\VERSION.dll
0x00007ffde8120000 - 0x00007ffde8134000 	C:\WINDOWS\SYSTEM32\UMPDC.dll
0x00007ffde7000000 - 0x00007ffde701b000 	C:\WINDOWS\SYSTEM32\kernel.appcore.dll
0x00007ffdd9be0000 - 0x00007ffdd9bea000 	c:\Users\hisag\.vscode\extensions\redhat.java-1.43.0-win32-x64\jre\21.0.7-win32-x86_64\bin\jimage.dll
0x00007ffde5cb0000 - 0x00007ffde5ef1000 	C:\WINDOWS\SYSTEM32\DBGHELP.DLL
0x00007ffde9820000 - 0x00007ffde9ba6000 	C:\WINDOWS\System32\combase.dll
0x00007ffde91b0000 - 0x00007ffde9290000 	C:\WINDOWS\System32\OLEAUT32.dll
0x00007ffdc5f40000 - 0x00007ffdc5f83000 	C:\WINDOWS\SYSTEM32\dbgcore.DLL
0x00007ffde8ea0000 - 0x00007ffde8f39000 	C:\WINDOWS\System32\bcryptPrimitives.dll
0x00007ffddbfb0000 - 0x00007ffddbfbf000 	c:\Users\hisag\.vscode\extensions\redhat.java-1.43.0-win32-x64\jre\21.0.7-win32-x86_64\bin\instrument.dll
0x00007ffdcc160000 - 0x00007ffdcc17f000 	c:\Users\hisag\.vscode\extensions\redhat.java-1.43.0-win32-x64\jre\21.0.7-win32-x86_64\bin\java.dll
0x00007ffde9d80000 - 0x00007ffdea4ca000 	C:\WINDOWS\System32\SHELL32.dll
0x00007ffde8380000 - 0x00007ffde84f4000 	C:\WINDOWS\System32\wintypes.dll
0x00007ffde5f30000 - 0x00007ffde678b000 	C:\WINDOWS\SYSTEM32\windows.storage.dll
0x00007ffdeb060000 - 0x00007ffdeb155000 	C:\WINDOWS\System32\SHCORE.dll
0x00007ffde90b0000 - 0x00007ffde911a000 	C:\WINDOWS\System32\shlwapi.dll
0x00007ffde8200000 - 0x00007ffde822f000 	C:\WINDOWS\SYSTEM32\profapi.dll
0x00007ffdcc0d0000 - 0x00007ffdcc0e8000 	c:\Users\hisag\.vscode\extensions\redhat.java-1.43.0-win32-x64\jre\21.0.7-win32-x86_64\bin\zip.dll
0x00007ffdd8fc0000 - 0x00007ffdd8fd0000 	C:\Users\hisag\.vscode\extensions\redhat.java-1.43.0-win32-x64\jre\21.0.7-win32-x86_64\bin\net.dll
0x00007ffde16a0000 - 0x00007ffde17be000 	C:\WINDOWS\SYSTEM32\WINHTTP.dll
0x00007ffde7620000 - 0x00007ffde768a000 	C:\WINDOWS\system32\mswsock.dll
0x00007ffdcba30000 - 0x00007ffdcba46000 	C:\Users\hisag\.vscode\extensions\redhat.java-1.43.0-win32-x64\jre\21.0.7-win32-x86_64\bin\nio.dll
0x00007ffdda1a0000 - 0x00007ffdda1b0000 	c:\Users\hisag\.vscode\extensions\redhat.java-1.43.0-win32-x64\jre\21.0.7-win32-x86_64\bin\verify.dll

dbghelp: loaded successfully - version: 4.0.5 - missing functions: none
symbol engine: initialized successfully - sym options: 0x614 - pdb path: .;c:\Users\hisag\.vscode\extensions\redhat.java-1.43.0-win32-x64\jre\21.0.7-win32-x86_64\bin;C:\WINDOWS\SYSTEM32;C:\WINDOWS\WinSxS\amd64_microsoft.windows.common-controls_6595b64144ccf1df_6.0.26100.4484_none_3e0e6d4ce32ef3b3;c:\Users\hisag\.vscode\extensions\redhat.java-1.43.0-win32-x64\jre\21.0.7-win32-x86_64\bin\server

VM Arguments:
jvm_args: --add-modules=ALL-SYSTEM --add-opens=java.base/java.util=ALL-UNNAMED --add-opens=java.base/java.lang=ALL-UNNAMED --add-opens=java.base/sun.nio.fs=ALL-UNNAMED -Declipse.application=org.eclipse.jdt.ls.core.id1 -Dosgi.bundles.defaultStartLevel=4 -Declipse.product=org.eclipse.jdt.ls.core.product -Djava.import.generatesMetadataFilesAtProjectRoot=false -DDetectVMInstallationsJob.disabled=true -Dfile.encoding=utf8 -XX:+UseParallelGC -XX:GCTimeRatio=4 -XX:AdaptiveSizePolicyWeight=90 -Dsun.zip.disableMemoryMapping=true -Xmx2G -Xms100m -Xlog:disable -javaagent:c:\Users\hisag\.vscode\extensions\redhat.java-1.43.0-win32-x64\lombok\lombok-1.18.39-4050.jar 
java_command: c:\Users\hisag\.vscode\extensions\redhat.java-1.43.0-win32-x64\server\plugins\org.eclipse.equinox.launcher_1.7.0.v20250519-0528.jar -configuration c:\Users\hisag\AppData\Roaming\Code\User\globalStorage\redhat.java\1.43.0\config_ss_win -data c:\Users\hisag\AppData\Roaming\Code\User\workspaceStorage\249cc3694752c1fc636522816d6bf5b4\redhat.java\ss_ws --pipe=\\.\pipe\lsp-0ea7e22daab83e38e59f20b5e393377f-sock
java_class_path (initial): c:\Users\hisag\.vscode\extensions\redhat.java-1.43.0-win32-x64\server\plugins\org.eclipse.equinox.launcher_1.7.0.v20250519-0528.jar
Launcher Type: SUN_STANDARD

[Global flags]
    uintx AdaptiveSizePolicyWeight                 = 90                                        {product} {command line}
     intx CICompilerCount                          = 3                                         {product} {ergonomic}
    uintx GCTimeRatio                              = 4                                         {product} {command line}
   size_t InitialHeapSize                          = 104857600                                 {product} {command line}
   size_t MaxHeapSize                              = 2147483648                                {product} {command line}
   size_t MaxNewSize                               = 715653120                                 {product} {ergonomic}
   size_t MinHeapDeltaBytes                        = 524288                                    {product} {ergonomic}
   size_t MinHeapSize                              = 104857600                                 {product} {command line}
   size_t NewSize                                  = 34603008                                  {product} {ergonomic}
    uintx NonNMethodCodeHeapSize                   = 5832780                                {pd product} {ergonomic}
    uintx NonProfiledCodeHeapSize                  = 122912730                              {pd product} {ergonomic}
   size_t OldSize                                  = 70254592                                  {product} {ergonomic}
    uintx ProfiledCodeHeapSize                     = 122912730                              {pd product} {ergonomic}
    uintx ReservedCodeCacheSize                    = 251658240                              {pd product} {ergonomic}
     bool SegmentedCodeCache                       = true                                      {product} {ergonomic}
   size_t SoftMaxHeapSize                          = 2147483648                             {manageable} {ergonomic}
     bool UseCompressedOops                        = true                           {product lp64_product} {ergonomic}
     bool UseLargePagesIndividualAllocation        = false                                  {pd product} {ergonomic}
     bool UseParallelGC                            = true                                      {product} {command line}

Logging:
Log output configuration:
 #0: stdout all=off uptime,level,tags foldmultilines=false
 #1: stderr all=off uptime,level,tags foldmultilines=false

Environment Variables:
JAVA_HOME=E:\Programming\compiler\jdk-17
PATH=C:\Program Files\Common Files\Oracle\Java\javapath;C:\WINDOWS\system32;C:\WINDOWS;C:\WINDOWS\System32\Wbem;C:\WINDOWS\System32\WindowsPowerShell\v1.0\;C:\WINDOWS\System32\OpenSSH\;C:\Program Files (x86)\MinGWStudio\MinGW\bin;C:\xampp\php;C:\composer;C:\Program Files\Git\cmd;C:\Program Files\Java\jdk-20\bin;C:\Program Files (x86)\Microsoft SQL Server\160\Tools\Binn\;C:\Program Files\Microsoft SQL Server\160\Tools\Binn\;C:\Program Files\Microsoft SQL Server\Client SDK\ODBC\170\Tools\Binn\;C:\Program Files\Microsoft SQL Server\160\DTS\Binn\;C:\Program Files\dotnet\;C:\Program Files (x86)\dotnet\;C:\Users\hisag\AppData\Roaming\nvm;C:\Program Files\nodejs;C:\ProgramData\chocolatey\bin;C:\Users\hisag\AppData\Local\Android\Sdk\platform-tools;C:\Users\hisag\AppData\Local\Programs\Python\Python313;C:\Users\hisag\AppData\Local\Programs\Python\Python313\Scripts;E:\Programming\compiler\nodejs\;C:\Users\hisag\AppData\Local\Pub\Cache\bin;C:\ProgramData\ComposerSetup\bin;E:\Programming\compiler\Go\bin;C:\Users\hisag\.cargo\bin;C:\Users\hisag\AppData\Local\Programs\Python\Launcher\;C:\Users\hisag\AppData\Local\Android\Sdk\tools;C:\Users\hisag\AppData\Local\Microsoft\WindowsApps;C:\Users\hisag\spicetify-cli;C:\Users\hisag\AppData\Local\Microsoft\WindowsApps;C:\Users\hisag\AppData\Local\Programs\Microsoft VS Code\bin;C:\Users\hisag\AppData\Roaming\Composer\vendor\bin;C:\Program Files\Java\jdk-20\bin;D:\Flutter\flutter\bin;C:\Program Files\Azure Data Studio\bin;C:\Users\hisag\.dotnet\tools;C:\Users\hisag\AppData\Roaming\nvm;C:\Program Files\nodejs;C:\Users\hisag\AppData\Local\Microsoft\WinGet\Links;C:\Users\hisag\AppData\Local\Android\Sdk\platform-tools;C:\Users\hisag\AppData\Local\Programs\Python\Python313;C:\Users\hisag\AppData\Local\Programs\Python\Python313\Scripts;E:\Programming\compiler\python;E:\Programming\laragon\bin\php\php-8.4.7-Win32-vs17-x64;E:\Programming\compiler\MinGW;E:\Programming\compiler\MinGW\bin;C:\Users\hisag\AppData\Roaming\npm;E:\Programming\compiler\jdk-17\bin;E:\Programming\compiler\flutter\bin;E:\Programming\compiler\cmdline-tools\platform-tools;E:\Programming\compiler\cmdline-tools\platforms;C:\Users\hisag\AppData\Local\Pub\Cache\bin;E:\Programming\compiler\kotlinc\bin;E:\Programming\compiler\gradle-8.14\bin;C:\Users\hisag\go\bin;E:\Programming\compiler\Go\bin;E:\Programming\compiler\Rust\.cargo\bin;
USERNAME=hisag
OS=Windows_NT
PROCESSOR_IDENTIFIER=AMD64 Family 23 Model 96 Stepping 1, AuthenticAMD
TMP=C:\Users\hisag\AppData\Local\Temp
TEMP=C:\Users\hisag\AppData\Local\Temp




Periodic native trim disabled

---------------  S Y S T E M  ---------------

OS:
 Windows 11 , 64 bit Build 26100 (10.0.26100.4484)
OS uptime: 0 days 15:30 hours
Hyper-V role detected

CPU: total 6 (initial active 6) (6 cores per cpu, 1 threads per core) family 23 model 96 stepping 1 microcode 0x8600106, cx8, cmov, fxsr, mmx, 3dnowpref, sse, sse2, sse3, ssse3, sse4a, sse4.1, sse4.2, popcnt, lzcnt, tsc, tscinvbit, avx, avx2, aes, clmul, bmi1, bmi2, adx, sha, fma, vzeroupper, clflush, clflushopt, hv, rdtscp, rdpid, f16c
Processor Information for the first 6 processors :
  Max Mhz: 2375, Current Mhz: 2375, Mhz Limit: 2375

Memory: 4k page, system-wide physical 7030M (464M free)
TotalPageFile size 19318M (AvailPageFile size 1M)
current process WorkingSet (physical memory assigned to process): 83M, peak: 87M
current process commit charge ("private bytes"): 229M, peak: 233M

vm_info: OpenJDK 64-Bit Server VM (21.0.7+6-LTS) for windows-amd64 JRE (21.0.7+6-LTS), built on 2025-04-15T00:00:00Z by "admin" with MS VC++ 17.7 (VS2022)

END.
